#
# There is insufficient memory for the Java Runtime Environment to continue.
# Native memory allocation (malloc) failed to allocate 32744 bytes for ChunkPool::allocate
# Possible reasons:
#   The system is out of physical RAM or swap space
#   The process is running with CompressedOops enabled, and the Java Heap may be blocking the growth of the native heap
# Possible solutions:
#   Reduce memory load on the system
#   Increase physical memory or swap space
#   Check if swap backing store is full
#   Decrease Java heap size (-Xmx/-Xms)
#   Decrease number of Java threads
#   Decrease Java thread stack sizes (-Xss)
#   Set larger code cache with -XX:ReservedCodeCacheSize=
#   JVM is running with Zero Based Compressed Oops mode in which the Java heap is
#     placed in the first 32GB address space. The Java Heap base address is the
#     maximum limit for the native heap growth. Please use -XX:HeapBaseMinAddress
#     to set the Java Heap base and to place the Java Heap above 32GB virtual address.
# This output file may be truncated or incomplete.
#
#  Out of Memory Error (arena.cpp:79), pid=10856, tid=7460
#
# JRE version: OpenJDK Runtime Environment (17.0.10) (build 17.0.10+0--11609105)
# Java VM: OpenJDK 64-Bit Server VM (17.0.10+0--11609105, mixed mode, tiered, compressed oops, compressed class ptrs, g1 gc, windows-amd64)
# No core dump will be written. Minidumps are not enabled by default on client versions of Windows
#

---------------  S U M M A R Y ------------

Command Line: org.jetbrains.kotlin.cli.jvm.K2JVMCompiler @C:\Peronal_Category\Implement\Native-Android\app\build\20240701_10407919974852090754.compiler.options

Host: Intel(R) Core(TM) i7-10750H CPU @ 2.60GHz, 12 cores, 15G,  Windows 11 , 64 bit Build 22621 (10.0.22621.3672)
Time: Mon Jul  1 09:30:29 2024 SE Asia Standard Time elapsed time: 0.457451 seconds (0d 0h 0m 0s)

---------------  T H R E A D  ---------------

Current thread (0x000002073e2b25f0):  JavaThread "C2 CompilerThread1" daemon [_thread_in_native, id=7460, stack(0x000000ef72d00000,0x000000ef72e00000)]


Current CompileTask:
C2:    457  735   !   4       java.util.zip.ZipFile::getEntry (59 bytes)

Stack: [0x000000ef72d00000,0x000000ef72e00000]
Native frames: (J=compiled Java code, j=interpreted, Vv=VM code, C=native code)
V  [jvm.dll+0x688de9]
V  [jvm.dll+0x8423da]
V  [jvm.dll+0x84401e]
V  [jvm.dll+0x844683]
V  [jvm.dll+0x24be0f]
V  [jvm.dll+0xac721]
V  [jvm.dll+0xacb6c]
V  [jvm.dll+0x808543]
V  [jvm.dll+0x804be9]
V  [jvm.dll+0xa2728]
V  [jvm.dll+0x6aff04]
V  [jvm.dll+0x347084]
V  [jvm.dll+0x6a4806]
V  [jvm.dll+0x6a3c52]
V  [jvm.dll+0x69f11d]
V  [jvm.dll+0x6991eb]
V  [jvm.dll+0x698827]
V  [jvm.dll+0x696712]
V  [jvm.dll+0x1a930c]
V  [jvm.dll+0x2b2644]
V  [jvm.dll+0x6a1225]
V  [jvm.dll+0x6991eb]
V  [jvm.dll+0x698827]
V  [jvm.dll+0x696712]
V  [jvm.dll+0x1a930c]
V  [jvm.dll+0x2b2644]
V  [jvm.dll+0x6a1225]
V  [jvm.dll+0x6991eb]
V  [jvm.dll+0x698827]
V  [jvm.dll+0x696712]
V  [jvm.dll+0x1a930c]
V  [jvm.dll+0x2b2644]
V  [jvm.dll+0x6a1225]
V  [jvm.dll+0x6991eb]
V  [jvm.dll+0x698827]
V  [jvm.dll+0x696712]
V  [jvm.dll+0x1a930c]
V  [jvm.dll+0x1a9ed6]
V  [jvm.dll+0x2b2644]
V  [jvm.dll+0x6a1225]
V  [jvm.dll+0x6991eb]
V  [jvm.dll+0x698827]
V  [jvm.dll+0x696712]
V  [jvm.dll+0x1a930c]
V  [jvm.dll+0x1a9ed6]
V  [jvm.dll+0x2b2644]
V  [jvm.dll+0x6a1225]
V  [jvm.dll+0x6991eb]
V  [jvm.dll+0x698827]
V  [jvm.dll+0x696712]
V  [jvm.dll+0x1a930c]
V  [jvm.dll+0x1a9ed6]
V  [jvm.dll+0x2b2644]
V  [jvm.dll+0x6a1225]
V  [jvm.dll+0x6991eb]
V  [jvm.dll+0x698827]
V  [jvm.dll+0x696712]
V  [jvm.dll+0x1a930c]
V  [jvm.dll+0x21ca78]
V  [jvm.dll+0x1a60ad]
V  [jvm.dll+0x22cd78]
V  [jvm.dll+0x22aeb0]
V  [jvm.dll+0x7f6877]
V  [jvm.dll+0x7f0c7a]
V  [jvm.dll+0x687c65]
C  [ucrtbase.dll+0x29333]
C  [KERNEL32.DLL+0x1257d]
C  [ntdll.dll+0x5af28]


---------------  P R O C E S S  ---------------

Threads class SMR info:
_java_thread_list=0x000002073e21ef30, length=13, elements={
0x000002071aea9ab0, 0x000002073e05a530, 0x000002073e05b3b0, 0x000002073e0a9ef0,
0x000002073e0acc90, 0x000002073e0b0770, 0x000002073e0b1130, 0x000002073e0c4410,
0x000002073e0d0440, 0x000002073e0d1150, 0x000002073e21f8c0, 0x000002073e222370,
0x000002073e2b25f0
}

Java Threads: ( => current thread )
  0x000002071aea9ab0 JavaThread "main" [_thread_in_vm, id=22080, stack(0x000000ef71a00000,0x000000ef71b00000)]
  0x000002073e05a530 JavaThread "Reference Handler" daemon [_thread_blocked, id=21636, stack(0x000000ef72100000,0x000000ef72200000)]
  0x000002073e05b3b0 JavaThread "Finalizer" daemon [_thread_blocked, id=18304, stack(0x000000ef72200000,0x000000ef72300000)]
  0x000002073e0a9ef0 JavaThread "Signal Dispatcher" daemon [_thread_blocked, id=18188, stack(0x000000ef72300000,0x000000ef72400000)]
  0x000002073e0acc90 JavaThread "Attach Listener" daemon [_thread_blocked, id=18448, stack(0x000000ef72400000,0x000000ef72500000)]
  0x000002073e0b0770 JavaThread "Service Thread" daemon [_thread_blocked, id=10148, stack(0x000000ef72500000,0x000000ef72600000)]
  0x000002073e0b1130 JavaThread "Monitor Deflation Thread" daemon [_thread_blocked, id=23128, stack(0x000000ef72600000,0x000000ef72700000)]
  0x000002073e0c4410 JavaThread "C2 CompilerThread0" daemon [_thread_in_native, id=15984, stack(0x000000ef72700000,0x000000ef72800000)]
  0x000002073e0d0440 JavaThread "C1 CompilerThread0" daemon [_thread_in_vm, id=22220, stack(0x000000ef72800000,0x000000ef72900000)]
  0x000002073e0d1150 JavaThread "Sweeper thread" daemon [_thread_blocked, id=10412, stack(0x000000ef72900000,0x000000ef72a00000)]
  0x000002073e21f8c0 JavaThread "Notification Thread" daemon [_thread_blocked, id=9484, stack(0x000000ef72a00000,0x000000ef72b00000)]
  0x000002073e222370 JavaThread "Common-Cleaner" daemon [_thread_blocked, id=16952, stack(0x000000ef72c00000,0x000000ef72d00000)]
=>0x000002073e2b25f0 JavaThread "C2 CompilerThread1" daemon [_thread_in_native, id=7460, stack(0x000000ef72d00000,0x000000ef72e00000)]

Other Threads:
  0x000002073e057a00 VMThread "VM Thread" [stack: 0x000000ef72000000,0x000000ef72100000] [id=8948]
  0x0000020739ba2780 WatcherThread [stack: 0x000000ef72b00000,0x000000ef72c00000] [id=16536]
  0x000002071af189e0 GCTaskThread "GC Thread#0" [stack: 0x000000ef71b00000,0x000000ef71c00000] [id=19892]
  0x000002073e6e0e40 GCTaskThread "GC Thread#1" [stack: 0x000000ef72e00000,0x000000ef72f00000] [id=8652]
  0x000002073e723190 GCTaskThread "GC Thread#2" [stack: 0x000000ef72f00000,0x000000ef73000000] [id=13888]
  0x000002073e718010 GCTaskThread "GC Thread#3" [stack: 0x000000ef73000000,0x000000ef73100000] [id=10724]
  0x000002073e7182d0 GCTaskThread "GC Thread#4" [stack: 0x000000ef73100000,0x000000ef73200000] [id=18796]
  0x000002073e718590 GCTaskThread "GC Thread#5" [stack: 0x000000ef73200000,0x000000ef73300000] [id=10180]
  0x000002071af295f0 ConcurrentGCThread "G1 Main Marker" [stack: 0x000000ef71c00000,0x000000ef71d00000] [id=4004]
  0x000002071af2a010 ConcurrentGCThread "G1 Conc#0" [stack: 0x000000ef71d00000,0x000000ef71e00000] [id=19416]
  0x0000020739a6d9a0 ConcurrentGCThread "G1 Refine#0" [stack: 0x000000ef71e00000,0x000000ef71f00000] [id=11060]
  0x0000020739a6e3d0 ConcurrentGCThread "G1 Service" [stack: 0x000000ef71f00000,0x000000ef72000000] [id=21300]

Threads with active compile tasks:
C2 CompilerThread0      478  734   !   4       java.util.zip.ZipFile$Source::getEntryPos (195 bytes)
C1 CompilerThread0      479  736       3       kotlin.reflect.jvm.internal.impl.protobuf.GeneratedMessageLite$ExtensionDescriptor::getLiteJavaType (8 bytes)
C2 CompilerThread1      479  735   !   4       java.util.zip.ZipFile::getEntry (59 bytes)

VM state: not at safepoint (normal execution)

VM Mutex/Monitor currently owned by a thread:  ([mutex/lock_event])
[0x0000020718d9c8a0] Metaspace_lock - owner thread: 0x000002071aea9ab0

Heap address: 0x0000000703400000, size: 4044 MB, Compressed Oops mode: Zero based, Oop shift amount: 3

CDS archive(s) not mapped
Compressed class space mapped at: 0x0000000800000000-0x0000000840000000, reserved size: 1073741824
Narrow klass base: 0x0000000800000000, Narrow klass shift: 0, Narrow klass range: 0x40000000

GC Precious Log:
 CPUs: 12 total, 12 available
 Memory: 16171M
 Large Page Support: Disabled
 NUMA Support: Disabled
 Compressed Oops: Enabled (Zero based)
 Heap Region Size: 2M
 Heap Min Capacity: 8M
 Heap Initial Capacity: 254M
 Heap Max Capacity: 4044M
 Pre-touch: Disabled
 Parallel Workers: 10
 Concurrent Workers: 3
 Concurrent Refinement Workers: 10
 Periodic GC: Disabled

Heap:
 garbage-first heap   total 260096K, used 8725K [0x0000000703400000, 0x0000000800000000)
  region size 2048K, 5 young (10240K), 2 survivors (4096K)
 Metaspace       used 13966K, committed 14080K, reserved 1114112K
  class space    used 1363K, committed 1472K, reserved 1048576K

Heap Regions: E=young(eden), S=young(survivor), O=old, HS=humongous(starts), HC=humongous(continues), CS=collection set, F=free, OA=open archive, CA=closed archive, TAMS=top-at-mark-start (previous, next)
|   0|0x0000000703400000, 0x0000000703600000, 0x0000000703600000|100%|HS|  |TAMS 0x0000000703400000, 0x0000000703400000| Complete 
|   1|0x0000000703600000, 0x0000000703800000, 0x0000000703800000|100%|HC|  |TAMS 0x0000000703600000, 0x0000000703600000| Complete 
|   2|0x0000000703800000, 0x0000000703800000, 0x0000000703a00000|  0%| F|  |TAMS 0x0000000703800000, 0x0000000703800000| Untracked 
|   3|0x0000000703a00000, 0x0000000703a00000, 0x0000000703c00000|  0%| F|  |TAMS 0x0000000703a00000, 0x0000000703a00000| Untracked 
|   4|0x0000000703c00000, 0x0000000703c00000, 0x0000000703e00000|  0%| F|  |TAMS 0x0000000703c00000, 0x0000000703c00000| Untracked 
|   5|0x0000000703e00000, 0x0000000703e00000, 0x0000000704000000|  0%| F|  |TAMS 0x0000000703e00000, 0x0000000703e00000| Untracked 
|   6|0x0000000704000000, 0x0000000704000000, 0x0000000704200000|  0%| F|  |TAMS 0x0000000704000000, 0x0000000704000000| Untracked 
|   7|0x0000000704200000, 0x0000000704200000, 0x0000000704400000|  0%| F|  |TAMS 0x0000000704200000, 0x0000000704200000| Untracked 
|   8|0x0000000704400000, 0x0000000704400000, 0x0000000704600000|  0%| F|  |TAMS 0x0000000704400000, 0x0000000704400000| Untracked 
|   9|0x0000000704600000, 0x0000000704600000, 0x0000000704800000|  0%| F|  |TAMS 0x0000000704600000, 0x0000000704600000| Untracked 
|  10|0x0000000704800000, 0x0000000704800000, 0x0000000704a00000|  0%| F|  |TAMS 0x0000000704800000, 0x0000000704800000| Untracked 
|  11|0x0000000704a00000, 0x0000000704a00000, 0x0000000704c00000|  0%| F|  |TAMS 0x0000000704a00000, 0x0000000704a00000| Untracked 
|  12|0x0000000704c00000, 0x0000000704c00000, 0x0000000704e00000|  0%| F|  |TAMS 0x0000000704c00000, 0x0000000704c00000| Untracked 
|  13|0x0000000704e00000, 0x0000000704e00000, 0x0000000705000000|  0%| F|  |TAMS 0x0000000704e00000, 0x0000000704e00000| Untracked 
|  14|0x0000000705000000, 0x0000000705000000, 0x0000000705200000|  0%| F|  |TAMS 0x0000000705000000, 0x0000000705000000| Untracked 
|  15|0x0000000705200000, 0x0000000705200000, 0x0000000705400000|  0%| F|  |TAMS 0x0000000705200000, 0x0000000705200000| Untracked 
|  16|0x0000000705400000, 0x0000000705400000, 0x0000000705600000|  0%| F|  |TAMS 0x0000000705400000, 0x0000000705400000| Untracked 
|  17|0x0000000705600000, 0x0000000705600000, 0x0000000705800000|  0%| F|  |TAMS 0x0000000705600000, 0x0000000705600000| Untracked 
|  18|0x0000000705800000, 0x0000000705800000, 0x0000000705a00000|  0%| F|  |TAMS 0x0000000705800000, 0x0000000705800000| Untracked 
|  19|0x0000000705a00000, 0x0000000705a00000, 0x0000000705c00000|  0%| F|  |TAMS 0x0000000705a00000, 0x0000000705a00000| Untracked 
|  20|0x0000000705c00000, 0x0000000705c00000, 0x0000000705e00000|  0%| F|  |TAMS 0x0000000705c00000, 0x0000000705c00000| Untracked 
|  21|0x0000000705e00000, 0x0000000705e00000, 0x0000000706000000|  0%| F|  |TAMS 0x0000000705e00000, 0x0000000705e00000| Untracked 
|  22|0x0000000706000000, 0x0000000706000000, 0x0000000706200000|  0%| F|  |TAMS 0x0000000706000000, 0x0000000706000000| Untracked 
|  23|0x0000000706200000, 0x0000000706200000, 0x0000000706400000|  0%| F|  |TAMS 0x0000000706200000, 0x0000000706200000| Untracked 
|  24|0x0000000706400000, 0x0000000706400000, 0x0000000706600000|  0%| F|  |TAMS 0x0000000706400000, 0x0000000706400000| Untracked 
|  25|0x0000000706600000, 0x0000000706600000, 0x0000000706800000|  0%| F|  |TAMS 0x0000000706600000, 0x0000000706600000| Untracked 
|  26|0x0000000706800000, 0x0000000706800000, 0x0000000706a00000|  0%| F|  |TAMS 0x0000000706800000, 0x0000000706800000| Untracked 
|  27|0x0000000706a00000, 0x0000000706a00000, 0x0000000706c00000|  0%| F|  |TAMS 0x0000000706a00000, 0x0000000706a00000| Untracked 
|  28|0x0000000706c00000, 0x0000000706c00000, 0x0000000706e00000|  0%| F|  |TAMS 0x0000000706c00000, 0x0000000706c00000| Untracked 
|  29|0x0000000706e00000, 0x0000000706e00000, 0x0000000707000000|  0%| F|  |TAMS 0x0000000706e00000, 0x0000000706e00000| Untracked 
|  30|0x0000000707000000, 0x0000000707000000, 0x0000000707200000|  0%| F|  |TAMS 0x0000000707000000, 0x0000000707000000| Untracked 
|  31|0x0000000707200000, 0x0000000707200000, 0x0000000707400000|  0%| F|  |TAMS 0x0000000707200000, 0x0000000707200000| Untracked 
|  32|0x0000000707400000, 0x0000000707400000, 0x0000000707600000|  0%| F|  |TAMS 0x0000000707400000, 0x0000000707400000| Untracked 
|  33|0x0000000707600000, 0x0000000707600000, 0x0000000707800000|  0%| F|  |TAMS 0x0000000707600000, 0x0000000707600000| Untracked 
|  34|0x0000000707800000, 0x0000000707800000, 0x0000000707a00000|  0%| F|  |TAMS 0x0000000707800000, 0x0000000707800000| Untracked 
|  35|0x0000000707a00000, 0x0000000707a00000, 0x0000000707c00000|  0%| F|  |TAMS 0x0000000707a00000, 0x0000000707a00000| Untracked 
|  36|0x0000000707c00000, 0x0000000707c00000, 0x0000000707e00000|  0%| F|  |TAMS 0x0000000707c00000, 0x0000000707c00000| Untracked 
|  37|0x0000000707e00000, 0x0000000707e00000, 0x0000000708000000|  0%| F|  |TAMS 0x0000000707e00000, 0x0000000707e00000| Untracked 
|  38|0x0000000708000000, 0x0000000708000000, 0x0000000708200000|  0%| F|  |TAMS 0x0000000708000000, 0x0000000708000000| Untracked 
|  39|0x0000000708200000, 0x0000000708200000, 0x0000000708400000|  0%| F|  |TAMS 0x0000000708200000, 0x0000000708200000| Untracked 
|  40|0x0000000708400000, 0x0000000708400000, 0x0000000708600000|  0%| F|  |TAMS 0x0000000708400000, 0x0000000708400000| Untracked 
|  41|0x0000000708600000, 0x0000000708600000, 0x0000000708800000|  0%| F|  |TAMS 0x0000000708600000, 0x0000000708600000| Untracked 
|  42|0x0000000708800000, 0x0000000708800000, 0x0000000708a00000|  0%| F|  |TAMS 0x0000000708800000, 0x0000000708800000| Untracked 
|  43|0x0000000708a00000, 0x0000000708a00000, 0x0000000708c00000|  0%| F|  |TAMS 0x0000000708a00000, 0x0000000708a00000| Untracked 
|  44|0x0000000708c00000, 0x0000000708c00000, 0x0000000708e00000|  0%| F|  |TAMS 0x0000000708c00000, 0x0000000708c00000| Untracked 
|  45|0x0000000708e00000, 0x0000000708e00000, 0x0000000709000000|  0%| F|  |TAMS 0x0000000708e00000, 0x0000000708e00000| Untracked 
|  46|0x0000000709000000, 0x0000000709000000, 0x0000000709200000|  0%| F|  |TAMS 0x0000000709000000, 0x0000000709000000| Untracked 
|  47|0x0000000709200000, 0x0000000709200000, 0x0000000709400000|  0%| F|  |TAMS 0x0000000709200000, 0x0000000709200000| Untracked 
|  48|0x0000000709400000, 0x0000000709400000, 0x0000000709600000|  0%| F|  |TAMS 0x0000000709400000, 0x0000000709400000| Untracked 
|  49|0x0000000709600000, 0x0000000709600000, 0x0000000709800000|  0%| F|  |TAMS 0x0000000709600000, 0x0000000709600000| Untracked 
|  50|0x0000000709800000, 0x0000000709800000, 0x0000000709a00000|  0%| F|  |TAMS 0x0000000709800000, 0x0000000709800000| Untracked 
|  51|0x0000000709a00000, 0x0000000709a00000, 0x0000000709c00000|  0%| F|  |TAMS 0x0000000709a00000, 0x0000000709a00000| Untracked 
|  52|0x0000000709c00000, 0x0000000709c00000, 0x0000000709e00000|  0%| F|  |TAMS 0x0000000709c00000, 0x0000000709c00000| Untracked 
|  53|0x0000000709e00000, 0x0000000709e00000, 0x000000070a000000|  0%| F|  |TAMS 0x0000000709e00000, 0x0000000709e00000| Untracked 
|  54|0x000000070a000000, 0x000000070a000000, 0x000000070a200000|  0%| F|  |TAMS 0x000000070a000000, 0x000000070a000000| Untracked 
|  55|0x000000070a200000, 0x000000070a200000, 0x000000070a400000|  0%| F|  |TAMS 0x000000070a200000, 0x000000070a200000| Untracked 
|  56|0x000000070a400000, 0x000000070a400000, 0x000000070a600000|  0%| F|  |TAMS 0x000000070a400000, 0x000000070a400000| Untracked 
|  57|0x000000070a600000, 0x000000070a600000, 0x000000070a800000|  0%| F|  |TAMS 0x000000070a600000, 0x000000070a600000| Untracked 
|  58|0x000000070a800000, 0x000000070a800000, 0x000000070aa00000|  0%| F|  |TAMS 0x000000070a800000, 0x000000070a800000| Untracked 
|  59|0x000000070aa00000, 0x000000070aa00000, 0x000000070ac00000|  0%| F|  |TAMS 0x000000070aa00000, 0x000000070aa00000| Untracked 
|  60|0x000000070ac00000, 0x000000070ac00000, 0x000000070ae00000|  0%| F|  |TAMS 0x000000070ac00000, 0x000000070ac00000| Untracked 
|  61|0x000000070ae00000, 0x000000070ae00000, 0x000000070b000000|  0%| F|  |TAMS 0x000000070ae00000, 0x000000070ae00000| Untracked 
|  62|0x000000070b000000, 0x000000070b000000, 0x000000070b200000|  0%| F|  |TAMS 0x000000070b000000, 0x000000070b000000| Untracked 
|  63|0x000000070b200000, 0x000000070b200000, 0x000000070b400000|  0%| F|  |TAMS 0x000000070b200000, 0x000000070b200000| Untracked 
|  64|0x000000070b400000, 0x000000070b400000, 0x000000070b600000|  0%| F|  |TAMS 0x000000070b400000, 0x000000070b400000| Untracked 
|  65|0x000000070b600000, 0x000000070b600000, 0x000000070b800000|  0%| F|  |TAMS 0x000000070b600000, 0x000000070b600000| Untracked 
|  66|0x000000070b800000, 0x000000070b800000, 0x000000070ba00000|  0%| F|  |TAMS 0x000000070b800000, 0x000000070b800000| Untracked 
|  67|0x000000070ba00000, 0x000000070ba00000, 0x000000070bc00000|  0%| F|  |TAMS 0x000000070ba00000, 0x000000070ba00000| Untracked 
|  68|0x000000070bc00000, 0x000000070bc00000, 0x000000070be00000|  0%| F|  |TAMS 0x000000070bc00000, 0x000000070bc00000| Untracked 
|  69|0x000000070be00000, 0x000000070be00000, 0x000000070c000000|  0%| F|  |TAMS 0x000000070be00000, 0x000000070be00000| Untracked 
|  70|0x000000070c000000, 0x000000070c000000, 0x000000070c200000|  0%| F|  |TAMS 0x000000070c000000, 0x000000070c000000| Untracked 
|  71|0x000000070c200000, 0x000000070c200000, 0x000000070c400000|  0%| F|  |TAMS 0x000000070c200000, 0x000000070c200000| Untracked 
|  72|0x000000070c400000, 0x000000070c400000, 0x000000070c600000|  0%| F|  |TAMS 0x000000070c400000, 0x000000070c400000| Untracked 
|  73|0x000000070c600000, 0x000000070c600000, 0x000000070c800000|  0%| F|  |TAMS 0x000000070c600000, 0x000000070c600000| Untracked 
|  74|0x000000070c800000, 0x000000070c800000, 0x000000070ca00000|  0%| F|  |TAMS 0x000000070c800000, 0x000000070c800000| Untracked 
|  75|0x000000070ca00000, 0x000000070ca00000, 0x000000070cc00000|  0%| F|  |TAMS 0x000000070ca00000, 0x000000070ca00000| Untracked 
|  76|0x000000070cc00000, 0x000000070cc00000, 0x000000070ce00000|  0%| F|  |TAMS 0x000000070cc00000, 0x000000070cc00000| Untracked 
|  77|0x000000070ce00000, 0x000000070ce00000, 0x000000070d000000|  0%| F|  |TAMS 0x000000070ce00000, 0x000000070ce00000| Untracked 
|  78|0x000000070d000000, 0x000000070d000000, 0x000000070d200000|  0%| F|  |TAMS 0x000000070d000000, 0x000000070d000000| Untracked 
|  79|0x000000070d200000, 0x000000070d200000, 0x000000070d400000|  0%| F|  |TAMS 0x000000070d200000, 0x000000070d200000| Untracked 
|  80|0x000000070d400000, 0x000000070d400000, 0x000000070d600000|  0%| F|  |TAMS 0x000000070d400000, 0x000000070d400000| Untracked 
|  81|0x000000070d600000, 0x000000070d600000, 0x000000070d800000|  0%| F|  |TAMS 0x000000070d600000, 0x000000070d600000| Untracked 
|  82|0x000000070d800000, 0x000000070d800000, 0x000000070da00000|  0%| F|  |TAMS 0x000000070d800000, 0x000000070d800000| Untracked 
|  83|0x000000070da00000, 0x000000070da00000, 0x000000070dc00000|  0%| F|  |TAMS 0x000000070da00000, 0x000000070da00000| Untracked 
|  84|0x000000070dc00000, 0x000000070dc00000, 0x000000070de00000|  0%| F|  |TAMS 0x000000070dc00000, 0x000000070dc00000| Untracked 
|  85|0x000000070de00000, 0x000000070de00000, 0x000000070e000000|  0%| F|  |TAMS 0x000000070de00000, 0x000000070de00000| Untracked 
|  86|0x000000070e000000, 0x000000070e000000, 0x000000070e200000|  0%| F|  |TAMS 0x000000070e000000, 0x000000070e000000| Untracked 
|  87|0x000000070e200000, 0x000000070e200000, 0x000000070e400000|  0%| F|  |TAMS 0x000000070e200000, 0x000000070e200000| Untracked 
|  88|0x000000070e400000, 0x000000070e400000, 0x000000070e600000|  0%| F|  |TAMS 0x000000070e400000, 0x000000070e400000| Untracked 
|  89|0x000000070e600000, 0x000000070e600000, 0x000000070e800000|  0%| F|  |TAMS 0x000000070e600000, 0x000000070e600000| Untracked 
|  90|0x000000070e800000, 0x000000070e800000, 0x000000070ea00000|  0%| F|  |TAMS 0x000000070e800000, 0x000000070e800000| Untracked 
|  91|0x000000070ea00000, 0x000000070ea00000, 0x000000070ec00000|  0%| F|  |TAMS 0x000000070ea00000, 0x000000070ea00000| Untracked 
|  92|0x000000070ec00000, 0x000000070ec00000, 0x000000070ee00000|  0%| F|  |TAMS 0x000000070ec00000, 0x000000070ec00000| Untracked 
|  93|0x000000070ee00000, 0x000000070ee00000, 0x000000070f000000|  0%| F|  |TAMS 0x000000070ee00000, 0x000000070ee00000| Untracked 
|  94|0x000000070f000000, 0x000000070f000000, 0x000000070f200000|  0%| F|  |TAMS 0x000000070f000000, 0x000000070f000000| Untracked 
|  95|0x000000070f200000, 0x000000070f200000, 0x000000070f400000|  0%| F|  |TAMS 0x000000070f200000, 0x000000070f200000| Untracked 
|  96|0x000000070f400000, 0x000000070f400000, 0x000000070f600000|  0%| F|  |TAMS 0x000000070f400000, 0x000000070f400000| Untracked 
|  97|0x000000070f600000, 0x000000070f600000, 0x000000070f800000|  0%| F|  |TAMS 0x000000070f600000, 0x000000070f600000| Untracked 
|  98|0x000000070f800000, 0x000000070f800000, 0x000000070fa00000|  0%| F|  |TAMS 0x000000070f800000, 0x000000070f800000| Untracked 
|  99|0x000000070fa00000, 0x000000070fa00000, 0x000000070fc00000|  0%| F|  |TAMS 0x000000070fa00000, 0x000000070fa00000| Untracked 
| 100|0x000000070fc00000, 0x000000070fc00000, 0x000000070fe00000|  0%| F|  |TAMS 0x000000070fc00000, 0x000000070fc00000| Untracked 
| 101|0x000000070fe00000, 0x000000070fe00000, 0x0000000710000000|  0%| F|  |TAMS 0x000000070fe00000, 0x000000070fe00000| Untracked 
| 102|0x0000000710000000, 0x0000000710000000, 0x0000000710200000|  0%| F|  |TAMS 0x0000000710000000, 0x0000000710000000| Untracked 
| 103|0x0000000710200000, 0x0000000710200000, 0x0000000710400000|  0%| F|  |TAMS 0x0000000710200000, 0x0000000710200000| Untracked 
| 104|0x0000000710400000, 0x0000000710400000, 0x0000000710600000|  0%| F|  |TAMS 0x0000000710400000, 0x0000000710400000| Untracked 
| 105|0x0000000710600000, 0x0000000710600000, 0x0000000710800000|  0%| F|  |TAMS 0x0000000710600000, 0x0000000710600000| Untracked 
| 106|0x0000000710800000, 0x0000000710800000, 0x0000000710a00000|  0%| F|  |TAMS 0x0000000710800000, 0x0000000710800000| Untracked 
| 107|0x0000000710a00000, 0x0000000710a00000, 0x0000000710c00000|  0%| F|  |TAMS 0x0000000710a00000, 0x0000000710a00000| Untracked 
| 108|0x0000000710c00000, 0x0000000710c00000, 0x0000000710e00000|  0%| F|  |TAMS 0x0000000710c00000, 0x0000000710c00000| Untracked 
| 109|0x0000000710e00000, 0x0000000710e00000, 0x0000000711000000|  0%| F|  |TAMS 0x0000000710e00000, 0x0000000710e00000| Untracked 
| 110|0x0000000711000000, 0x0000000711000000, 0x0000000711200000|  0%| F|  |TAMS 0x0000000711000000, 0x0000000711000000| Untracked 
| 111|0x0000000711200000, 0x0000000711200000, 0x0000000711400000|  0%| F|  |TAMS 0x0000000711200000, 0x0000000711200000| Untracked 
| 112|0x0000000711400000, 0x0000000711400000, 0x0000000711600000|  0%| F|  |TAMS 0x0000000711400000, 0x0000000711400000| Untracked 
| 113|0x0000000711600000, 0x0000000711600000, 0x0000000711800000|  0%| F|  |TAMS 0x0000000711600000, 0x0000000711600000| Untracked 
| 114|0x0000000711800000, 0x0000000711885520, 0x0000000711a00000| 26%| S|CS|TAMS 0x0000000711800000, 0x0000000711800000| Complete 
| 115|0x0000000711a00000, 0x0000000711c00000, 0x0000000711c00000|100%| S|CS|TAMS 0x0000000711a00000, 0x0000000711a00000| Complete 
| 116|0x0000000711c00000, 0x0000000711c00000, 0x0000000711e00000|  0%| F|  |TAMS 0x0000000711c00000, 0x0000000711c00000| Untracked 
| 117|0x0000000711e00000, 0x0000000711e00000, 0x0000000712000000|  0%| F|  |TAMS 0x0000000711e00000, 0x0000000711e00000| Untracked 
| 118|0x0000000712000000, 0x0000000712000000, 0x0000000712200000|  0%| F|  |TAMS 0x0000000712000000, 0x0000000712000000| Untracked 
| 119|0x0000000712200000, 0x0000000712200000, 0x0000000712400000|  0%| F|  |TAMS 0x0000000712200000, 0x0000000712200000| Untracked 
| 120|0x0000000712400000, 0x0000000712400000, 0x0000000712600000|  0%| F|  |TAMS 0x0000000712400000, 0x0000000712400000| Untracked 
| 121|0x0000000712600000, 0x0000000712600000, 0x0000000712800000|  0%| F|  |TAMS 0x0000000712600000, 0x0000000712600000| Untracked 
| 122|0x0000000712800000, 0x0000000712800000, 0x0000000712a00000|  0%| F|  |TAMS 0x0000000712800000, 0x0000000712800000| Untracked 
| 123|0x0000000712a00000, 0x0000000712a00000, 0x0000000712c00000|  0%| F|  |TAMS 0x0000000712a00000, 0x0000000712a00000| Untracked 
| 124|0x0000000712c00000, 0x0000000712e00000, 0x0000000712e00000|100%| E|  |TAMS 0x0000000712c00000, 0x0000000712c00000| Complete 
| 125|0x0000000712e00000, 0x0000000713000000, 0x0000000713000000|100%| E|CS|TAMS 0x0000000712e00000, 0x0000000712e00000| Complete 
| 126|0x0000000713000000, 0x0000000713200000, 0x0000000713200000|100%| E|  |TAMS 0x0000000713000000, 0x0000000713000000| Complete 

Card table byte_map: [0x000002072e0e0000,0x000002072e8d0000] _byte_map_base: 0x000002072a8c6000

Marking Bits (Prev, Next): (CMBitMap*) 0x000002071af19000, (CMBitMap*) 0x000002071af19040
 Prev Bits: [0x000002072f0c0000, 0x0000020732ff0000)
 Next Bits: [0x0000020732ff0000, 0x0000020736f20000)

Polling page: 0x0000020718e50000

Metaspace:

Usage:
  Non-class:     12.31 MB used.
      Class:      1.33 MB used.
       Both:     13.64 MB used.

Virtual space:
  Non-class space:       64.00 MB reserved,      12.31 MB ( 19%) committed,  1 nodes.
      Class space:        1.00 GB reserved,       1.44 MB ( <1%) committed,  1 nodes.
             Both:        1.06 GB reserved,      13.75 MB (  1%) committed. 

Chunk freelists:
   Non-Class:  3.06 MB
       Class:  14.61 MB
        Both:  17.67 MB

MaxMetaspaceSize: unlimited
CompressedClassSpaceSize: 1.00 GB
Initial GC threshold: 21.00 MB
Current GC threshold: 21.00 MB
CDS: off
MetaspaceReclaimPolicy: balanced
 - commit_granule_bytes: 65536.
 - commit_granule_words: 8192.
 - virtual_space_node_default_size: 8388608.
 - enlarge_chunks_in_place: 1.
 - new_chunks_are_fully_committed: 0.
 - uncommit_free_chunks: 1.
 - use_allocation_guard: 0.
 - handle_deallocations: 1.


Internal statistics:

num_allocs_failed_limit: 0.
num_arena_births: 6.
num_arena_deaths: 0.
num_vsnodes_births: 2.
num_vsnodes_deaths: 0.
num_space_committed: 220.
num_space_uncommitted: 0.
num_chunks_returned_to_freelist: 0.
num_chunks_taken_from_freelist: 223.
num_chunk_merges: 0.
num_chunk_splits: 201.
num_chunks_enlarged: 195.
num_inconsistent_stats: 0.

CodeHeap 'non-profiled nmethods': size=120000Kb used=197Kb max_used=197Kb free=119802Kb
 bounds [0x0000020725e50000, 0x00000207260c0000, 0x000002072d380000]
CodeHeap 'profiled nmethods': size=120000Kb used=1286Kb max_used=1286Kb free=118713Kb
 bounds [0x000002071e380000, 0x000002071e5f0000, 0x00000207258b0000]
CodeHeap 'non-nmethods': size=5760Kb used=1143Kb max_used=1158Kb free=4616Kb
 bounds [0x00000207258b0000, 0x0000020725b20000, 0x0000020725e50000]
 total_blobs=1162 nmethods=733 adapters=342
 compilation: enabled
              stopped_count=0, restarted_count=0
 full_count=0

Compilation events (20 events):
Event: 0.440 Thread 0x000002073e0d0440  725       3       kotlin.reflect.jvm.internal.impl.name.FqName::<init> (18 bytes)
Event: 0.440 Thread 0x000002073e0d0440 nmethod 725 0x000002071e4be110 code [0x000002071e4be2c0, 0x000002071e4be508]
Event: 0.440 Thread 0x000002073e0d0440  726       3       java.util.ArrayList::grow (60 bytes)
Event: 0.440 Thread 0x000002073e0d0440 nmethod 726 0x000002071e4be610 code [0x000002071e4be800, 0x000002071e4bee78]
Event: 0.440 Thread 0x000002073e0d0440  728       3       java.util.Collections$UnmodifiableList::get (11 bytes)
Event: 0.440 Thread 0x000002073e0d0440 nmethod 728 0x000002071e4bf090 code [0x000002071e4bf240, 0x000002071e4bf428]
Event: 0.440 Thread 0x000002073e0d0440  727       3       java.util.Collections$UnmodifiableCollection$1::next (10 bytes)
Event: 0.440 Thread 0x000002073e0d0440 nmethod 727 0x000002071e4bf510 code [0x000002071e4bf6c0, 0x000002071e4bf8a8]
Event: 0.441 Thread 0x000002073e0d0440  729       3       kotlin.reflect.jvm.internal.impl.name.FqName::<init> (26 bytes)
Event: 0.441 Thread 0x000002073e0d0440 nmethod 729 0x000002071e4bf990 code [0x000002071e4bfb60, 0x000002071e4c0018]
Event: 0.441 Thread 0x000002073e0d0440  730       3       kotlin.reflect.jvm.internal.impl.name.FqNameUnsafe::<init> (31 bytes)
Event: 0.441 Thread 0x000002073e0d0440 nmethod 730 0x000002071e4c0190 code [0x000002071e4c0360, 0x000002071e4c0698]
Event: 0.441 Thread 0x000002073e0d0440  731       3       java.lang.Integer::numberOfLeadingZeros (79 bytes)
Event: 0.441 Thread 0x000002073e0d0440 nmethod 731 0x000002071e4c0790 code [0x000002071e4c0940, 0x000002071e4c0c18]
Event: 0.444 Thread 0x000002073e0d0440  732       3       sun.reflect.generics.parser.SignatureParser::advance (53 bytes)
Event: 0.445 Thread 0x000002073e0d0440 nmethod 732 0x000002071e4c0c90 code [0x000002071e4c0e40, 0x000002071e4c1098]
Event: 0.446 Thread 0x000002073e0d0440  733       3       java.lang.PublicMethods$Key::matches (31 bytes)
Event: 0.446 Thread 0x000002073e0d0440 nmethod 733 0x000002071e4c1190 code [0x000002071e4c1360, 0x000002071e4c16d8]
Event: 0.453 Thread 0x000002073e0c4410  734   !   4       java.util.zip.ZipFile$Source::getEntryPos (195 bytes)
Event: 0.453 Thread 0x000002073e2b25f0  735   !   4       java.util.zip.ZipFile::getEntry (59 bytes)

GC Heap History (2 events):
Event: 0.396 GC heap before
{Heap before GC invocations=0 (full 0):
 garbage-first heap   total 260096K, used 24576K [0x0000000703400000, 0x0000000800000000)
  region size 2048K, 11 young (22528K), 0 survivors (0K)
 Metaspace       used 12912K, committed 12992K, reserved 1114112K
  class space    used 1233K, committed 1280K, reserved 1048576K
}
Event: 0.398 GC heap after
{Heap after GC invocations=1 (full 0):
 garbage-first heap   total 260096K, used 6677K [0x0000000703400000, 0x0000000800000000)
  region size 2048K, 2 young (4096K), 2 survivors (4096K)
 Metaspace       used 12912K, committed 12992K, reserved 1114112K
  class space    used 1233K, committed 1280K, reserved 1048576K
}

Dll operation events (1 events):
Event: 0.005 Loaded shared library C:\Program Files\Android\Android Studio\jbr\bin\java.dll

Deoptimization events (20 events):
Event: 0.129 Thread 0x000002071aea9ab0 Uncommon trap: trap_request=0xffffff45 fr.pc=0x0000020725e55b28 relative=0x0000000000000748
Event: 0.129 Thread 0x000002071aea9ab0 Uncommon trap: reason=unstable_if action=reinterpret pc=0x0000020725e55b28 method=java.util.zip.ZipFile$Source.checkAndAddEntry(II)I @ 50 c2
Event: 0.129 Thread 0x000002071aea9ab0 DEOPT PACKING pc=0x0000020725e55b28 sp=0x000000ef71afe4c0
Event: 0.129 Thread 0x000002071aea9ab0 DEOPT UNPACKING pc=0x00000207259069a3 sp=0x000000ef71afe430 mode 2
Event: 0.171 Thread 0x000002071aea9ab0 DEOPT PACKING pc=0x000002071e395767 sp=0x000000ef71afe290
Event: 0.171 Thread 0x000002071aea9ab0 DEOPT UNPACKING pc=0x0000020725907143 sp=0x000000ef71afd6b0 mode 0
Event: 0.187 Thread 0x000002071aea9ab0 DEOPT PACKING pc=0x000002071e394ad1 sp=0x000000ef71afe140
Event: 0.187 Thread 0x000002071aea9ab0 DEOPT UNPACKING pc=0x0000020725907143 sp=0x000000ef71afd5b8 mode 0
Event: 0.302 Thread 0x000002071aea9ab0 DEOPT PACKING pc=0x000002071e3f9a0b sp=0x000000ef71afc700
Event: 0.302 Thread 0x000002071aea9ab0 DEOPT UNPACKING pc=0x0000020725907143 sp=0x000000ef71afbb60 mode 0
Event: 0.324 Thread 0x000002071aea9ab0 DEOPT PACKING pc=0x000002071e3b0ad6 sp=0x000000ef71af76f0
Event: 0.324 Thread 0x000002071aea9ab0 DEOPT UNPACKING pc=0x0000020725907143 sp=0x000000ef71af6b78 mode 0
Event: 0.361 Thread 0x000002071aea9ab0 DEOPT PACKING pc=0x000002071e3c2965 sp=0x000000ef71afb600
Event: 0.361 Thread 0x000002071aea9ab0 DEOPT UNPACKING pc=0x0000020725907143 sp=0x000000ef71afaa50 mode 0
Event: 0.363 Thread 0x000002071aea9ab0 DEOPT PACKING pc=0x000002071e3ce6c8 sp=0x000000ef71af7840
Event: 0.363 Thread 0x000002071aea9ab0 DEOPT UNPACKING pc=0x0000020725907143 sp=0x000000ef71af6d58 mode 0
Event: 0.455 Thread 0x000002071aea9ab0 Uncommon trap: trap_request=0xffffffc6 fr.pc=0x0000020725e81088 relative=0x0000000000000508
Event: 0.455 Thread 0x000002071aea9ab0 Uncommon trap: reason=bimorphic_or_optimized_type_check action=maybe_recompile pc=0x0000020725e81088 method=kotlin.reflect.jvm.internal.impl.protobuf.CodedInputStream.tryRefillBuffer(I)Z @ 175 c2
Event: 0.455 Thread 0x000002071aea9ab0 DEOPT PACKING pc=0x0000020725e81088 sp=0x000000ef71afbcf0
Event: 0.455 Thread 0x000002071aea9ab0 DEOPT UNPACKING pc=0x00000207259069a3 sp=0x000000ef71afbbd8 mode 2

Classes unloaded (0 events):
No events

Classes redefined (0 events):
No events

Internal exceptions (0 events):
No events

VM Operations (6 events):
Event: 0.105 Executing VM operation: HandshakeAllThreads
Event: 0.105 Executing VM operation: HandshakeAllThreads done
Event: 0.286 Executing VM operation: HandshakeAllThreads
Event: 0.286 Executing VM operation: HandshakeAllThreads done
Event: 0.396 Executing VM operation: G1CollectForAllocation
Event: 0.398 Executing VM operation: G1CollectForAllocation done

Events (20 events):
Event: 0.427 loading class jdk/internal/reflect/UnsafeQualifiedStaticFieldAccessorImpl done
Event: 0.427 loading class jdk/internal/reflect/UnsafeQualifiedStaticObjectFieldAccessorImpl done
Event: 0.444 loading class sun/reflect/generics/repository/ClassRepository
Event: 0.444 loading class sun/reflect/generics/repository/GenericDeclRepository
Event: 0.444 loading class sun/reflect/generics/repository/AbstractRepository
Event: 0.444 loading class sun/reflect/generics/repository/AbstractRepository done
Event: 0.444 loading class sun/reflect/generics/repository/GenericDeclRepository done
Event: 0.444 loading class sun/reflect/generics/repository/ClassRepository done
Event: 0.444 loading class sun/reflect/generics/tree/FormalTypeParameter
Event: 0.444 loading class sun/reflect/generics/tree/FormalTypeParameter done
Event: 0.444 loading class sun/reflect/generics/tree/ClassSignature
Event: 0.444 loading class sun/reflect/generics/tree/Signature
Event: 0.444 loading class sun/reflect/generics/tree/Signature done
Event: 0.445 loading class sun/reflect/generics/tree/ClassSignature done
Event: 0.445 loading class java/lang/reflect/TypeVariable
Event: 0.445 loading class java/lang/reflect/TypeVariable done
Event: 0.445 loading class java/lang/reflect/AnnotatedType
Event: 0.445 loading class java/lang/reflect/AnnotatedType done
Event: 0.452 loading class java/io/DataInputStream
Event: 0.452 loading class java/io/DataInputStream done


Dynamic libraries:
0x00007ff69dda0000 - 0x00007ff69ddaa000 	C:\Program Files\Android\Android Studio\jbr\bin\java.exe
0x00007ffbf4430000 - 0x00007ffbf4647000 	C:\WINDOWS\SYSTEM32\ntdll.dll
0x00007ffbf2b20000 - 0x00007ffbf2be4000 	C:\WINDOWS\System32\KERNEL32.DLL
0x00007ffbf1a50000 - 0x00007ffbf1dfd000 	C:\WINDOWS\System32\KERNELBASE.dll
0x00007ffbf1820000 - 0x00007ffbf1931000 	C:\WINDOWS\System32\ucrtbase.dll
0x00007ffbeb400000 - 0x00007ffbeb41b000 	C:\Program Files\Android\Android Studio\jbr\bin\VCRUNTIME140.dll
0x00007ffbd89c0000 - 0x00007ffbd89d7000 	C:\Program Files\Android\Android Studio\jbr\bin\jli.dll
0x00007ffbf3160000 - 0x00007ffbf330e000 	C:\WINDOWS\System32\USER32.dll
0x00007ffbf1fa0000 - 0x00007ffbf1fc6000 	C:\WINDOWS\System32\win32u.dll
0x00007ffbd71a0000 - 0x00007ffbd7433000 	C:\WINDOWS\WinSxS\amd64_microsoft.windows.common-controls_6595b64144ccf1df_6.0.22621.3672_none_2713b9d173822955\COMCTL32.dll
0x00007ffbf2d40000 - 0x00007ffbf2d69000 	C:\WINDOWS\System32\GDI32.dll
0x00007ffbf2270000 - 0x00007ffbf2317000 	C:\WINDOWS\System32\msvcrt.dll
0x00007ffbf2050000 - 0x00007ffbf2169000 	C:\WINDOWS\System32\gdi32full.dll
0x00007ffbf1940000 - 0x00007ffbf19da000 	C:\WINDOWS\System32\msvcp_win.dll
0x00007ffbf2ca0000 - 0x00007ffbf2cd1000 	C:\WINDOWS\System32\IMM32.DLL
0x00007ffbeb3f0000 - 0x00007ffbeb3fc000 	C:\Program Files\Android\Android Studio\jbr\bin\vcruntime140_1.dll
0x00007ffbdafb0000 - 0x00007ffbdb03d000 	C:\Program Files\Android\Android Studio\jbr\bin\msvcp140.dll
0x00007ffb89840000 - 0x00007ffb8a4c3000 	C:\Program Files\Android\Android Studio\jbr\bin\server\jvm.dll
0x00007ffbf3310000 - 0x00007ffbf33c2000 	C:\WINDOWS\System32\ADVAPI32.dll
0x00007ffbf2bf0000 - 0x00007ffbf2c99000 	C:\WINDOWS\System32\sechost.dll
0x00007ffbf1e00000 - 0x00007ffbf1e28000 	C:\WINDOWS\System32\bcrypt.dll
0x00007ffbf3040000 - 0x00007ffbf3154000 	C:\WINDOWS\System32\RPCRT4.dll
0x00007ffbf05b0000 - 0x00007ffbf05fd000 	C:\WINDOWS\SYSTEM32\POWRPROF.dll
0x00007ffbe8900000 - 0x00007ffbe8909000 	C:\WINDOWS\SYSTEM32\WSOCK32.dll
0x00007ffbda2e0000 - 0x00007ffbda314000 	C:\WINDOWS\SYSTEM32\WINMM.dll
0x00007ffbf2aa0000 - 0x00007ffbf2b11000 	C:\WINDOWS\System32\WS2_32.dll
0x00007ffbe8120000 - 0x00007ffbe812a000 	C:\WINDOWS\SYSTEM32\VERSION.dll
0x00007ffbf0590000 - 0x00007ffbf05a3000 	C:\WINDOWS\SYSTEM32\UMPDC.dll
0x00007ffbf0850000 - 0x00007ffbf0868000 	C:\WINDOWS\SYSTEM32\kernel.appcore.dll
0x00007ffbdb300000 - 0x00007ffbdb30a000 	C:\Program Files\Android\Android Studio\jbr\bin\jimage.dll
0x00007ffbeeb10000 - 0x00007ffbeed42000 	C:\WINDOWS\SYSTEM32\DBGHELP.DLL
0x00007ffbf2320000 - 0x00007ffbf26a8000 	C:\WINDOWS\System32\combase.dll
0x00007ffbf2830000 - 0x00007ffbf2907000 	C:\WINDOWS\System32\OLEAUT32.dll
0x00007ffbe4b00000 - 0x00007ffbe4b32000 	C:\WINDOWS\SYSTEM32\dbgcore.DLL
0x00007ffbf1fd0000 - 0x00007ffbf204b000 	C:\WINDOWS\System32\bcryptPrimitives.dll
0x00007ffbdb2d0000 - 0x00007ffbdb2f5000 	C:\Program Files\Android\Android Studio\jbr\bin\java.dll
0x00007ffbdacc0000 - 0x00007ffbdacd8000 	C:\Program Files\Android\Android Studio\jbr\bin\zip.dll
0x00007ffbf33d0000 - 0x00007ffbf3c2f000 	C:\WINDOWS\System32\SHELL32.dll
0x00007ffbef670000 - 0x00007ffbeff6c000 	C:\WINDOWS\SYSTEM32\windows.storage.dll
0x00007ffbef530000 - 0x00007ffbef66f000 	C:\WINDOWS\SYSTEM32\wintypes.dll
0x00007ffbf2170000 - 0x00007ffbf2264000 	C:\WINDOWS\System32\SHCORE.dll
0x00007ffbf2ce0000 - 0x00007ffbf2d3e000 	C:\WINDOWS\System32\shlwapi.dll
0x00007ffbf1690000 - 0x00007ffbf16b1000 	C:\WINDOWS\SYSTEM32\profapi.dll
0x00007ffbdaca0000 - 0x00007ffbdacb9000 	C:\Program Files\Android\Android Studio\jbr\bin\net.dll
0x00007ffbe9f40000 - 0x00007ffbea076000 	C:\WINDOWS\SYSTEM32\WINHTTP.dll
0x00007ffbf0cd0000 - 0x00007ffbf0d39000 	C:\WINDOWS\system32\mswsock.dll
0x00007ffbdac80000 - 0x00007ffbdac96000 	C:\Program Files\Android\Android Studio\jbr\bin\nio.dll

dbghelp: loaded successfully - version: 4.0.5 - missing functions: none
symbol engine: initialized successfully - sym options: 0x614 - pdb path: .;C:\Program Files\Android\Android Studio\jbr\bin;C:\WINDOWS\SYSTEM32;C:\WINDOWS\WinSxS\amd64_microsoft.windows.common-controls_6595b64144ccf1df_6.0.22621.3672_none_2713b9d173822955;C:\Program Files\Android\Android Studio\jbr\bin\server

VM Arguments:
java_command: org.jetbrains.kotlin.cli.jvm.K2JVMCompiler @C:\Peronal_Category\Implement\Native-Android\app\build\20240701_10407919974852090754.compiler.options
java_class_path (initial): C:\Users\chanm\.gradle\caches\modules-2\files-2.1\org.jetbrains.kotlin\kotlin-compiler-embeddable\1.9.0\2c8c3a7402becca891f12739b3e9fd2dc2adbd7a\kotlin-compiler-embeddable-1.9.0.jar;C:\Users\chanm\.gradle\caches\modules-2\files-2.1\org.jetbrains.kotlin\kotlin-stdlib\1.9.0\8ee15ef0c67dc83d874f412d84378d7f0eb50b63\kotlin-stdlib-1.9.0.jar;C:\Users\chanm\.gradle\caches\modules-2\files-2.1\org.jetbrains.kotlin\kotlin-script-runtime\1.9.0\4b3102cbbb7e1b58d9d1adf89563f00069ffa7d1\kotlin-script-runtime-1.9.0.jar;C:\Users\chanm\.gradle\caches\modules-2\files-2.1\org.jetbrains.kotlin\kotlin-reflect\1.6.10\1cbe9c92c12a94eea200d23c2bbaedaf3daf5132\kotlin-reflect-1.6.10.jar;C:\Users\chanm\.gradle\caches\modules-2\files-2.1\org.jetbrains.kotlin\kotlin-daemon-embeddable\1.9.0\186543f5e28cf8d9a0290fecc2cf34301c40a65c\kotlin-daemon-embeddable-1.9.0.jar;C:\Users\chanm\.gradle\caches\modules-2\files-2.1\org.jetbrains.intellij.deps\trove4j\1.0.20200330\3afb14d5f9ceb459d724e907a21145e8ff394f02\trove4j-1.0.20200330.jar;C:\Users\chanm\.gradle\caches\modules-2\files-2.1\org.jetbrains.kotlin\kotlin-stdlib-common\1.9.0\cd65c21cfd1eec4d44ef09f9f52b6d9f8a720636\kotlin-stdlib-common-1.9.0.jar;C:\Users\chanm\.gradle\caches\modules-2\files-2.1\org.jetbrains\annotations\13.0\919f0dfe192fb4e063e7dacadee7f8bb9a2672a9\annotations-13.0.jar
Launcher Type: SUN_STANDARD

[Global flags]
     intx CICompilerCount                          = 4                                         {product} {ergonomic}
     uint ConcGCThreads                            = 3                                         {product} {ergonomic}
     uint G1ConcRefinementThreads                  = 10                                        {product} {ergonomic}
   size_t G1HeapRegionSize                         = 2097152                                   {product} {ergonomic}
    uintx GCDrainStackTargetSize                   = 64                                        {product} {ergonomic}
   size_t InitialHeapSize                          = 266338304                                 {product} {ergonomic}
   size_t MarkStackSize                            = 4194304                                   {product} {ergonomic}
   size_t MaxHeapSize                              = 4240441344                                {product} {ergonomic}
   size_t MaxNewSize                               = 2543845376                                {product} {ergonomic}
   size_t MinHeapDeltaBytes                        = 2097152                                   {product} {ergonomic}
   size_t MinHeapSize                              = 8388608                                   {product} {ergonomic}
    uintx NonNMethodCodeHeapSize                   = 5839372                                {pd product} {ergonomic}
    uintx NonProfiledCodeHeapSize                  = 122909434                              {pd product} {ergonomic}
    uintx ProfiledCodeHeapSize                     = 122909434                              {pd product} {ergonomic}
    uintx ReservedCodeCacheSize                    = 251658240                              {pd product} {ergonomic}
     bool SegmentedCodeCache                       = true                                      {product} {ergonomic}
   size_t SoftMaxHeapSize                          = 4240441344                             {manageable} {ergonomic}
     bool UseCompressedClassPointers               = true                           {product lp64_product} {ergonomic}
     bool UseCompressedOops                        = true                           {product lp64_product} {ergonomic}
     bool UseG1GC                                  = true                                      {product} {ergonomic}
     bool UseLargePagesIndividualAllocation        = false                                  {pd product} {ergonomic}

Logging:
Log output configuration:
 #0: stdout all=warning uptime,level,tags
 #1: stderr all=off uptime,level,tags

Environment Variables:
PATH=C:\Windows\system32;C:\Windows;C:\Windows\System32\Wbem;C:\Windows\System32\WindowsPowerShell\v1.0\;C:\Windows\System32\OpenSSH\;C:\Program Files (x86)\NVIDIA Corporation\PhysX\Common;C:\Program Files\NVIDIA Corporation\NVIDIA NvDLISR;C:\WINDOWS\system32;C:\WINDOWS;C:\WINDOWS\System32\Wbem;C:\WINDOWS\System32\WindowsPowerShell\v1.0\;C:\WINDOWS\System32\OpenSSH\;C:\Program Files\Microsoft SQL Server\150\Tools\Binn\;C:\Program Files\Microsoft SQL Server\Client SDK\ODBC\170\Tools\Binn\;C:\Program Files\dotnet\;C:\Program Files\nodejs\;C:\Program Files (x86)\Microsoft SQL Server\160\DTS\Binn\;C:\Program Files\Azure Data Studio\bin;C:\Program Files (x86)\Microsoft SQL Server\160\Tools\Binn\;C:\Program Files\Microsoft SQL Server\160\Tools\Binn\;C:\Program Files\Microsoft SQL Server\160\DTS\Binn\;C:\Program Files\Git\cmd;C:\Users\chanm\.console-ninja\.bin;C:\Users\chanm\AppData\Local\Microsoft\WindowsApps;;C:\Users\chanm\AppData\Local\Programs\Microsoft VS Code\bin;C:\Users\chanm\.dotnet\tools;C:\Users\chanm\AppData\Roaming\npm;C:\Program Files\Azure Data Studio\bin
USERNAME=chanm
OS=Windows_NT
PROCESSOR_IDENTIFIER=Intel64 Family 6 Model 165 Stepping 2, GenuineIntel
TMP=C:\Users\chanm\AppData\Local\Temp
TEMP=C:\Users\chanm\AppData\Local\Temp



Periodic native trim disabled

JNI global refs:
JNI global refs: 9, weak refs: 16

JNI global refs memory usage: 843, weak refs: 841

OOME stack traces (most recent first):
Classloader memory used:
