#
# There is insufficient memory for the Java Runtime Environment to continue.
# Native memory allocation (mmap) failed to map 266338304 bytes for G1 virtual space
# Possible reasons:
#   The system is out of physical RAM or swap space
#   The process is running with CompressedOops enabled, and the Java Heap may be blocking the growth of the native heap
# Possible solutions:
#   Reduce memory load on the system
#   Increase physical memory or swap space
#   Check if swap backing store is full
#   Decrease Java heap size (-Xmx/-Xms)
#   Decrease number of Java threads
#   Decrease Java thread stack sizes (-Xss)
#   Set larger code cache with -XX:ReservedCodeCacheSize=
#   JVM is running with Zero Based Compressed Oops mode in which the Java heap is
#     placed in the first 32GB address space. The Java Heap base address is the
#     maximum limit for the native heap growth. Please use -XX:HeapBaseMinAddress
#     to set the Java Heap base and to place the Java Heap above 32GB virtual address.
# This output file may be truncated or incomplete.
#
#  Out of Memory Error (os_windows.cpp:3825), pid=2272, tid=17532
#
# JRE version:  (17.0.10) (build )
# Java VM: OpenJDK 64-Bit Server VM (17.0.10+0--11609105, mixed mode, sharing, tiered, compressed oops, compressed class ptrs, g1 gc, windows-amd64)
# No core dump will be written. Minidumps are not enabled by default on client versions of Windows
#

---------------  S U M M A R Y ------------

Command Line: git4idea.http.GitAskPassApp Username for 'https://github.com': 

Host: Intel(R) Core(TM) i7-10750H CPU @ 2.60GHz, 12 cores, 15G,  Windows 11 , 64 bit Build 22621 (10.0.22621.3672)
Time: Tue Jul  2 16:41:19 2024 SE Asia Standard Time elapsed time: 0.007215 seconds (0d 0h 0m 0s)

---------------  T H R E A D  ---------------

Current thread (0x000001ea67b7bf50):  JavaThread "Unknown thread" [_thread_in_vm, id=17532, stack(0x000000878a900000,0x000000878aa00000)]

Stack: [0x000000878a900000,0x000000878aa00000]
Native frames: (J=compiled Java code, j=interpreted, Vv=VM code, C=native code)
V  [jvm.dll+0x688de9]
V  [jvm.dll+0x8423da]
V  [jvm.dll+0x84401e]
V  [jvm.dll+0x844683]
V  [jvm.dll+0x24be0f]
V  [jvm.dll+0x685bb9]
V  [jvm.dll+0x67a46a]
V  [jvm.dll+0x30cbab]
V  [jvm.dll+0x314056]
V  [jvm.dll+0x363dce]
V  [jvm.dll+0x363fff]
V  [jvm.dll+0x2e2978]
V  [jvm.dll+0x2e38e4]
V  [jvm.dll+0x812f71]
V  [jvm.dll+0x371c81]
V  [jvm.dll+0x7f1ac6]
V  [jvm.dll+0x3f58df]
V  [jvm.dll+0x3f7511]
C  [jli.dll+0x528f]
C  [ucrtbase.dll+0x29333]
C  [KERNEL32.DLL+0x1257d]
C  [ntdll.dll+0x5af28]


---------------  P R O C E S S  ---------------

Threads class SMR info:
_java_thread_list=0x00007ff84392ef58, length=0, elements={
}

Java Threads: ( => current thread )

Other Threads:
  0x000001ea69e2a5b0 GCTaskThread "GC Thread#0" [stack: 0x000000878aa00000,0x000000878ab00000] [id=19556]
  0x000001ea69e3b1c0 ConcurrentGCThread "G1 Main Marker" [stack: 0x000000878ab00000,0x000000878ac00000] [id=14576]
  0x000001ea69e3bbe0 ConcurrentGCThread "G1 Conc#0" [stack: 0x000000878ac00000,0x000000878ad00000] [id=3252]

[error occurred during error reporting (printing all threads), id 0xc0000005, EXCEPTION_ACCESS_VIOLATION (0xc0000005) at pc=0x00007ff8430e3547]

VM state: not at safepoint (not fully initialized)

VM Mutex/Monitor currently owned by a thread:  ([mutex/lock_event])
[0x000001ea69dbcdb0] Heap_lock - owner thread: 0x000001ea67b7bf50

Heap address: 0x0000000703400000, size: 4044 MB, Compressed Oops mode: Zero based, Oop shift amount: 3

CDS archive(s) mapped at: [0x0000000000000000-0x0000000000000000-0x0000000000000000), size 0, SharedBaseAddress: 0x0000000800000000, ArchiveRelocationMode: 1.
Narrow klass base: 0x0000000000000000, Narrow klass shift: 0, Narrow klass range: 0x0

GC Precious Log:
<Empty>

Heap:
 garbage-first heap   total 0K, used 0K [0x0000000703400000, 0x0000000800000000)
  region size 2048K, 0 young (0K), 0 survivors (0K)
 Metaspace       used 0K, committed 0K, reserved 0K
  class space    used 0K, committed 0K, reserved 0K

Heap Regions: E=young(eden), S=young(survivor), O=old, HS=humongous(starts), HC=humongous(continues), CS=collection set, F=free, OA=open archive, CA=closed archive, TAMS=top-at-mark-start (previous, next)

Card table byte_map: [0x000001ea7cfe0000,0x000001ea7d7d0000] _byte_map_base: 0x000001ea797c6000

Marking Bits (Prev, Next): (CMBitMap*) 0x000001ea69e2abd0, (CMBitMap*) 0x000001ea69e2ac10
 Prev Bits: [0x000001ea00000000, 0x000001ea03f30000)
 Next Bits: [0x000001ea03f30000, 0x000001ea07e60000)

GC Heap History (0 events):
No events

Dll operation events (1 events):
Event: 0.004 Loaded shared library C:\Program Files\Android\Android Studio\jbr\bin\java.dll

Deoptimization events (0 events):
No events

Classes unloaded (0 events):
No events

Classes redefined (0 events):
No events

Internal exceptions (0 events):
No events

VM Operations (0 events):
No events

Events (0 events):
No events


Dynamic libraries:
0x00007ff60cc20000 - 0x00007ff60cc2a000 	C:\Program Files\Android\Android Studio\jbr\bin\java.exe
0x00007ff894cd0000 - 0x00007ff894ee7000 	C:\WINDOWS\SYSTEM32\ntdll.dll
0x00007ff8931a0000 - 0x00007ff893264000 	C:\WINDOWS\System32\KERNEL32.DLL
0x00007ff8921e0000 - 0x00007ff89258d000 	C:\WINDOWS\System32\KERNELBASE.dll
0x00007ff892000000 - 0x00007ff892111000 	C:\WINDOWS\System32\ucrtbase.dll
0x00007ff87d9b0000 - 0x00007ff87d9c7000 	C:\Program Files\Android\Android Studio\jbr\bin\jli.dll
0x00007ff85eb60000 - 0x00007ff85eb7b000 	C:\Program Files\Android\Android Studio\jbr\bin\VCRUNTIME140.dll
0x00007ff8932d0000 - 0x00007ff89347e000 	C:\WINDOWS\System32\USER32.dll
0x00007ff8928c0000 - 0x00007ff8928e6000 	C:\WINDOWS\System32\win32u.dll
0x00007ff876eb0000 - 0x00007ff877143000 	C:\WINDOWS\WinSxS\amd64_microsoft.windows.common-controls_6595b64144ccf1df_6.0.22621.3672_none_2713b9d173822955\COMCTL32.dll
0x00007ff894860000 - 0x00007ff894889000 	C:\WINDOWS\System32\GDI32.dll
0x00007ff893840000 - 0x00007ff8938e7000 	C:\WINDOWS\System32\msvcrt.dll
0x00007ff8928f0000 - 0x00007ff892a09000 	C:\WINDOWS\System32\gdi32full.dll
0x00007ff8927a0000 - 0x00007ff89283a000 	C:\WINDOWS\System32\msvcp_win.dll
0x00007ff8947c0000 - 0x00007ff8947f1000 	C:\WINDOWS\System32\IMM32.DLL
0x00007ff873c10000 - 0x00007ff873c1c000 	C:\Program Files\Android\Android Studio\jbr\bin\vcruntime140_1.dll
0x00007ff8408d0000 - 0x00007ff84095d000 	C:\Program Files\Android\Android Studio\jbr\bin\msvcp140.dll
0x00007ff842df0000 - 0x00007ff843a73000 	C:\Program Files\Android\Android Studio\jbr\bin\server\jvm.dll
0x00007ff8948b0000 - 0x00007ff894962000 	C:\WINDOWS\System32\ADVAPI32.dll
0x00007ff894380000 - 0x00007ff894429000 	C:\WINDOWS\System32\sechost.dll
0x00007ff892590000 - 0x00007ff8925b8000 	C:\WINDOWS\System32\bcrypt.dll
0x00007ff892ad0000 - 0x00007ff892be4000 	C:\WINDOWS\System32\RPCRT4.dll
0x00007ff882550000 - 0x00007ff882559000 	C:\WINDOWS\SYSTEM32\WSOCK32.dll
0x00007ff890e50000 - 0x00007ff890e9d000 	C:\WINDOWS\SYSTEM32\POWRPROF.dll
0x00007ff87a600000 - 0x00007ff87a634000 	C:\WINDOWS\SYSTEM32\WINMM.dll
0x00007ff892ca0000 - 0x00007ff892d11000 	C:\WINDOWS\System32\WS2_32.dll
0x00007ff88ed40000 - 0x00007ff88ed4a000 	C:\WINDOWS\SYSTEM32\VERSION.dll
0x00007ff890e30000 - 0x00007ff890e43000 	C:\WINDOWS\SYSTEM32\UMPDC.dll
0x00007ff8910e0000 - 0x00007ff8910f8000 	C:\WINDOWS\SYSTEM32\kernel.appcore.dll
0x00007ff882540000 - 0x00007ff88254a000 	C:\Program Files\Android\Android Studio\jbr\bin\jimage.dll
0x00007ff88f8d0000 - 0x00007ff88fb02000 	C:\WINDOWS\SYSTEM32\DBGHELP.DLL
0x00007ff894430000 - 0x00007ff8947b8000 	C:\WINDOWS\System32\combase.dll
0x00007ff893650000 - 0x00007ff893727000 	C:\WINDOWS\System32\OLEAUT32.dll
0x00007ff889520000 - 0x00007ff889552000 	C:\WINDOWS\SYSTEM32\dbgcore.DLL
0x00007ff892840000 - 0x00007ff8928bb000 	C:\WINDOWS\System32\bcryptPrimitives.dll
0x00007ff8823b0000 - 0x00007ff8823d5000 	C:\Program Files\Android\Android Studio\jbr\bin\java.dll

dbghelp: loaded successfully - version: 4.0.5 - missing functions: none
symbol engine: initialized successfully - sym options: 0x614 - pdb path: .;C:\Program Files\Android\Android Studio\jbr\bin;C:\WINDOWS\SYSTEM32;C:\WINDOWS\WinSxS\amd64_microsoft.windows.common-controls_6595b64144ccf1df_6.0.22621.3672_none_2713b9d173822955;C:\Program Files\Android\Android Studio\jbr\bin\server

VM Arguments:
java_command: git4idea.http.GitAskPassApp Username for 'https://github.com': 
java_class_path (initial): C:/Program Files/Android/Android Studio/plugins/vcs-git/lib/git4idea-rt.jar;C:/Program Files/Android/Android Studio/lib/externalProcess-rt.jar
Launcher Type: SUN_STANDARD

[Global flags]
     intx CICompilerCount                          = 4                                         {product} {ergonomic}
     uint ConcGCThreads                            = 3                                         {product} {ergonomic}
     uint G1ConcRefinementThreads                  = 10                                        {product} {ergonomic}
   size_t G1HeapRegionSize                         = 2097152                                   {product} {ergonomic}
    uintx GCDrainStackTargetSize                   = 64                                        {product} {ergonomic}
   size_t InitialHeapSize                          = 266338304                                 {product} {ergonomic}
   size_t MarkStackSize                            = 4194304                                   {product} {ergonomic}
   size_t MaxHeapSize                              = 4240441344                                {product} {ergonomic}
   size_t MinHeapDeltaBytes                        = 2097152                                   {product} {ergonomic}
   size_t MinHeapSize                              = 8388608                                   {product} {ergonomic}
    uintx NonNMethodCodeHeapSize                   = 5839372                                {pd product} {ergonomic}
    uintx NonProfiledCodeHeapSize                  = 122909434                              {pd product} {ergonomic}
    uintx ProfiledCodeHeapSize                     = 122909434                              {pd product} {ergonomic}
    uintx ReservedCodeCacheSize                    = 251658240                              {pd product} {ergonomic}
     bool SegmentedCodeCache                       = true                                      {product} {ergonomic}
   size_t SoftMaxHeapSize                          = 4240441344                             {manageable} {ergonomic}
     bool UseCompressedClassPointers               = true                           {product lp64_product} {ergonomic}
     bool UseCompressedOops                        = true                           {product lp64_product} {ergonomic}
     bool UseG1GC                                  = true                                      {product} {ergonomic}
     bool UseLargePagesIndividualAllocation        = false                                  {pd product} {ergonomic}

Logging:
Log output configuration:
 #0: stdout all=warning uptime,level,tags
 #1: stderr all=off uptime,level,tags

Environment Variables:
PATH=C:\Program Files\Git\mingw64\libexec\git-core;C:\Program Files\Git\mingw64\libexec\git-core;C:\Program Files\Git\mingw64\bin;C:\Program Files\Git\usr\bin;C:\Users\chanm\bin;C:\Windows\system32;C:\Windows;C:\Windows\System32\Wbem;C:\Windows\System32\WindowsPowerShell\v1.0;C:\Windows\System32\OpenSSH;C:\Program Files (x86)\NVIDIA Corporation\PhysX\Common;C:\Program Files\NVIDIA Corporation\NVIDIA NvDLISR;C:\WINDOWS\system32;C:\WINDOWS;C:\WINDOWS\System32\Wbem;C:\WINDOWS\System32\WindowsPowerShell\v1.0;C:\WINDOWS\System32\OpenSSH;C:\Program Files\Microsoft SQL Server\150\Tools\Binn;C:\Program Files\Microsoft SQL Server\Client SDK\ODBC\170\Tools\Binn;C:\Program Files\dotnet;C:\Program Files\nodejs;C:\Program Files (x86)\Microsoft SQL Server\160\DTS\Binn;C:\Program Files\Azure Data Studio\bin;C:\Program Files (x86)\Microsoft SQL Server\160\Tools\Binn;C:\Program Files\Microsoft SQL Server\160\Tools\Binn;C:\Program Files\Microsoft SQL Server\160\DTS\Binn;C:\Program Files\Git\cmd;C:\Users\chanm\.console-ninja\.bin;C:\Users\chanm\AppData\Local\Microsoft\WindowsApps;C:\Users\chanm\AppData\Local\Programs\Microsoft VS Code\bin;C:\Users\chanm\.dotnet\tools;C:\Users\chanm\AppData\Roaming\npm;C:\Program Files\Azure Data Studio\bin
USERNAME=chanm
DISPLAY=:0.0
LC_ALL=en_US.UTF-8
TERM=xterm-256color
TMPDIR=C:\Users\chanm\AppData\Local\Temp
OS=Windows_NT
PROCESSOR_IDENTIFIER=Intel64 Family 6 Model 165 Stepping 2, GenuineIntel
TMP=C:\Users\chanm\AppData\Local\Temp
TEMP=C:\Users\chanm\AppData\Local\Temp



Periodic native trim disabled

JNI global refs:
JNI global refs: 0, weak refs: 0

JNI global refs memory usage: 0, weak refs: 0

OOME stack traces (most recent first):
Classloader memory used:


---------------  S Y S T E M  ---------------

OS:
 Windows 11 , 64 bit Build 22621 (10.0.22621.3672)
OS uptime: 0 days 3:07 hours
Hyper-V role detected

CPU: total 12 (initial active 12) (6 cores per cpu, 2 threads per core) family 6 model 165 stepping 2 microcode 0xe0, cx8, cmov, fxsr, ht, mmx, 3dnowpref, sse, sse2, sse3, ssse3, sse4.1, sse4.2, popcnt, lzcnt, tsc, tscinvbit, avx, avx2, aes, erms, clmul, bmi1, bmi2, adx, fma, vzeroupper, clflush, clflushopt, hv
Processor Information for all 12 processors :
  Max Mhz: 2592, Current Mhz: 2592, Mhz Limit: 2592

Memory: 4k page, system-wide physical 16171M (2205M free)
TotalPageFile size 16171M (AvailPageFile size 5M)
current process WorkingSet (physical memory assigned to process): 11M, peak: 11M
current process commit charge ("private bytes"): 64M, peak: 318M

vm_info: OpenJDK 64-Bit Server VM (17.0.10+0--11609105) for windows-amd64 JRE (17.0.10+0--11609105), built on Mar 21 2024 19:10:56 by "androidbuild" with MS VC++ 16.10 / 16.11 (VS2019)

END.
