#
# There is insufficient memory for the Java Runtime Environment to continue.
# Native memory allocation (malloc) failed to allocate 1104496 bytes for Chunk::new
# Possible reasons:
#   The system is out of physical RAM or swap space
#   The process is running with CompressedOops enabled, and the Java Heap may be blocking the growth of the native heap
# Possible solutions:
#   Reduce memory load on the system
#   Increase physical memory or swap space
#   Check if swap backing store is full
#   Decrease Java heap size (-Xmx/-Xms)
#   Decrease number of Java threads
#   Decrease Java thread stack sizes (-Xss)
#   Set larger code cache with -XX:ReservedCodeCacheSize=
#   JVM is running with Zero Based Compressed Oops mode in which the Java heap is
#     placed in the first 32GB address space. The Java Heap base address is the
#     maximum limit for the native heap growth. Please use -XX:HeapBaseMinAddress
#     to set the Java Heap base and to place the Java Heap above 32GB virtual address.
# This output file may be truncated or incomplete.
#
#  Out of Memory Error (arena.cpp:191), pid=16296, tid=16116
#
# JRE version: OpenJDK Runtime Environment (17.0.10) (build 17.0.10+0--11609105)
# Java VM: OpenJDK 64-Bit Server VM (17.0.10+0--11609105, mixed mode, tiered, compressed oops, compressed class ptrs, g1 gc, windows-amd64)
# No core dump will be written. Minidumps are not enabled by default on client versions of Windows
#

---------------  S U M M A R Y ------------

Command Line: org.jetbrains.kotlin.cli.jvm.K2JVMCompiler @C:\Peronal_Category\Implement\Native-Android\app\build\20240701_14920347674763582592.compiler.options

Host: Intel(R) Core(TM) i7-10750H CPU @ 2.60GHz, 12 cores, 15G,  Windows 11 , 64 bit Build 22621 (10.0.22621.3672)
Time: Mon Jul  1 09:15:16 2024 SE Asia Standard Time elapsed time: 6.439480 seconds (0d 0h 0m 6s)

---------------  T H R E A D  ---------------

Current thread (0x0000015f2235f2a0):  JavaThread "C2 CompilerThread2" daemon [_thread_in_native, id=16116, stack(0x00000048b4d00000,0x00000048b4e00000)]


Current CompileTask:
C2:   6439 10508   !   4       jdk.internal.loader.BuiltinClassLoader::loadClassOrNull (143 bytes)

Stack: [0x00000048b4d00000,0x00000048b4e00000]
Native frames: (J=compiled Java code, j=interpreted, Vv=VM code, C=native code)
V  [jvm.dll+0x688de9]
V  [jvm.dll+0x8423da]
V  [jvm.dll+0x84401e]
V  [jvm.dll+0x844683]
V  [jvm.dll+0x24be0f]
V  [jvm.dll+0xac524]
V  [jvm.dll+0xacb6c]
V  [jvm.dll+0x36bd12]
V  [jvm.dll+0x33615a]
V  [jvm.dll+0x3355fa]
V  [jvm.dll+0x21daa1]
V  [jvm.dll+0x21cec1]
V  [jvm.dll+0x1a60ad]
V  [jvm.dll+0x22cd78]
V  [jvm.dll+0x22aeb0]
V  [jvm.dll+0x7f6877]
V  [jvm.dll+0x7f0c7a]
V  [jvm.dll+0x687c65]
C  [ucrtbase.dll+0x29333]
C  [KERNEL32.DLL+0x1257d]
C  [ntdll.dll+0x5af28]


---------------  P R O C E S S  ---------------

Threads class SMR info:
_java_thread_list=0x0000015f22428ab0, length=14, elements={
0x0000015f7cc6aa10, 0x0000015f1db29250, 0x0000015f1db29fe0, 0x0000015f1db4f500,
0x0000015f1db90650, 0x0000015f1db941a0, 0x0000015f1db94a70, 0x0000015f1db95720,
0x0000015f1dbb1ea0, 0x0000015f1dbb27b0, 0x0000015f1dd17520, 0x0000015f1dd3a4d0,
0x0000015f1ddd3b40, 0x0000015f2235f2a0
}

Java Threads: ( => current thread )
  0x0000015f7cc6aa10 JavaThread "main" [_thread_in_Java, id=21896, stack(0x00000048b3400000,0x00000048b3500000)]
  0x0000015f1db29250 JavaThread "Reference Handler" daemon [_thread_blocked, id=1812, stack(0x00000048b3b00000,0x00000048b3c00000)]
  0x0000015f1db29fe0 JavaThread "Finalizer" daemon [_thread_blocked, id=19232, stack(0x00000048b3c00000,0x00000048b3d00000)]
  0x0000015f1db4f500 JavaThread "Signal Dispatcher" daemon [_thread_blocked, id=22104, stack(0x00000048b3d00000,0x00000048b3e00000)]
  0x0000015f1db90650 JavaThread "Attach Listener" daemon [_thread_blocked, id=18036, stack(0x00000048b3e00000,0x00000048b3f00000)]
  0x0000015f1db941a0 JavaThread "Service Thread" daemon [_thread_blocked, id=14204, stack(0x00000048b3f00000,0x00000048b4000000)]
  0x0000015f1db94a70 JavaThread "Monitor Deflation Thread" daemon [_thread_blocked, id=5264, stack(0x00000048b4000000,0x00000048b4100000)]
  0x0000015f1db95720 JavaThread "C2 CompilerThread0" daemon [_thread_in_native, id=9904, stack(0x00000048b4100000,0x00000048b4200000)]
  0x0000015f1dbb1ea0 JavaThread "C1 CompilerThread0" daemon [_thread_in_native, id=17344, stack(0x00000048b4200000,0x00000048b4300000)]
  0x0000015f1dbb27b0 JavaThread "Sweeper thread" daemon [_thread_blocked, id=20504, stack(0x00000048b4300000,0x00000048b4400000)]
  0x0000015f1dd17520 JavaThread "Notification Thread" daemon [_thread_blocked, id=3756, stack(0x00000048b4400000,0x00000048b4500000)]
  0x0000015f1dd3a4d0 JavaThread "Common-Cleaner" daemon [_thread_blocked, id=8576, stack(0x00000048b4600000,0x00000048b4700000)]
  0x0000015f1ddd3b40 JavaThread "C2 CompilerThread1" daemon [_thread_in_native, id=18164, stack(0x00000048b4700000,0x00000048b4800000)]
=>0x0000015f2235f2a0 JavaThread "C2 CompilerThread2" daemon [_thread_in_native, id=16116, stack(0x00000048b4d00000,0x00000048b4e00000)]

Other Threads:
  0x0000015f1daeb810 VMThread "VM Thread" [stack: 0x00000048b3a00000,0x00000048b3b00000] [id=23268]
  0x0000015f1dd37e10 WatcherThread [stack: 0x00000048b4500000,0x00000048b4600000] [id=17260]
  0x0000015f7ccda790 GCTaskThread "GC Thread#0" [stack: 0x00000048b3500000,0x00000048b3600000] [id=14812]
  0x0000015f1db4caf0 GCTaskThread "GC Thread#1" [stack: 0x00000048b4800000,0x00000048b4900000] [id=9152]
  0x0000015f1db4c2b0 GCTaskThread "GC Thread#2" [stack: 0x00000048b4900000,0x00000048b4a00000] [id=7876]
  0x0000015f1db4bff0 GCTaskThread "GC Thread#3" [stack: 0x00000048b4a00000,0x00000048b4b00000] [id=13984]
  0x0000015f1db4cdb0 GCTaskThread "GC Thread#4" [stack: 0x00000048b4b00000,0x00000048b4c00000] [id=13452]
  0x0000015f1db4c570 GCTaskThread "GC Thread#5" [stack: 0x00000048b4c00000,0x00000048b4d00000] [id=9780]
  0x0000015f1db4d330 GCTaskThread "GC Thread#6" [stack: 0x00000048b4e00000,0x00000048b4f00000] [id=22088]
  0x0000015f1db4d5f0 GCTaskThread "GC Thread#7" [stack: 0x00000048b4f00000,0x00000048b5000000] [id=12512]
  0x0000015f1db4d8b0 GCTaskThread "GC Thread#8" [stack: 0x00000048b5000000,0x00000048b5100000] [id=20012]
  0x0000015f22997f40 GCTaskThread "GC Thread#9" [stack: 0x00000048b5300000,0x00000048b5400000] [id=11492]
  0x0000015f7cceb2b0 ConcurrentGCThread "G1 Main Marker" [stack: 0x00000048b3600000,0x00000048b3700000] [id=4644]
  0x0000015f7ccec380 ConcurrentGCThread "G1 Conc#0" [stack: 0x00000048b3700000,0x00000048b3800000] [id=9976]
  0x0000015f1db4db70 ConcurrentGCThread "G1 Conc#1" [stack: 0x00000048b5100000,0x00000048b5200000] [id=3636]
  0x0000015f22998200 ConcurrentGCThread "G1 Conc#2" [stack: 0x00000048b5200000,0x00000048b5300000] [id=14696]
  0x0000015f7cd1eca0 ConcurrentGCThread "G1 Refine#0" [stack: 0x00000048b3800000,0x00000048b3900000] [id=10864]
  0x0000015f22bcd4d0 ConcurrentGCThread "G1 Refine#1" [stack: 0x00000048b5400000,0x00000048b5500000] [id=13040]
  0x0000015f24284d40 ConcurrentGCThread "G1 Refine#2" [stack: 0x00000048b5500000,0x00000048b5600000] [id=7936]
  0x0000015f23dedbc0 ConcurrentGCThread "G1 Refine#3" [stack: 0x00000048b5600000,0x00000048b5700000] [id=14796]
  0x0000015f2328d870 ConcurrentGCThread "G1 Refine#4" [stack: 0x00000048b5700000,0x00000048b5800000] [id=5684]
  0x0000015f1d86b850 ConcurrentGCThread "G1 Service" [stack: 0x00000048b3900000,0x00000048b3a00000] [id=22448]

Threads with active compile tasks:
C2 CompilerThread0     6449 10328       4       jdk.internal.loader.ClassLoaders$AppClassLoader::loadClass (40 bytes)
C1 CompilerThread0     6449 10722       3       java.util.Stack::<init> (5 bytes)
C2 CompilerThread1     6449 10712       4       org.jetbrains.kotlin.codegen.signature.JvmSignatureWriter::writeAsmType (73 bytes)
C2 CompilerThread2     6449 10508   !   4       jdk.internal.loader.BuiltinClassLoader::loadClassOrNull (143 bytes)

VM state: not at safepoint (normal execution)

VM Mutex/Monitor currently owned by a thread: None

Heap address: 0x0000000703400000, size: 4044 MB, Compressed Oops mode: Zero based, Oop shift amount: 3

CDS archive(s) not mapped
Compressed class space mapped at: 0x0000000800000000-0x0000000840000000, reserved size: 1073741824
Narrow klass base: 0x0000000800000000, Narrow klass shift: 0, Narrow klass range: 0x40000000

GC Precious Log:
 CPUs: 12 total, 12 available
 Memory: 16171M
 Large Page Support: Disabled
 NUMA Support: Disabled
 Compressed Oops: Enabled (Zero based)
 Heap Region Size: 2M
 Heap Min Capacity: 8M
 Heap Initial Capacity: 254M
 Heap Max Capacity: 4044M
 Pre-touch: Disabled
 Parallel Workers: 10
 Concurrent Workers: 3
 Concurrent Refinement Workers: 10
 Periodic GC: Disabled

Heap:
 garbage-first heap   total 129024K, used 80019K [0x0000000703400000, 0x0000000800000000)
  region size 2048K, 11 young (22528K), 2 survivors (4096K)
 Metaspace       used 79218K, committed 79488K, reserved 1179648K
  class space    used 8888K, committed 8960K, reserved 1048576K

Heap Regions: E=young(eden), S=young(survivor), O=old, HS=humongous(starts), HC=humongous(continues), CS=collection set, F=free, OA=open archive, CA=closed archive, TAMS=top-at-mark-start (previous, next)
|   0|0x0000000703400000, 0x0000000703600000, 0x0000000703600000|100%|HS|  |TAMS 0x0000000703600000, 0x0000000703400000| Complete 
|   1|0x0000000703600000, 0x0000000703800000, 0x0000000703800000|100%|HC|  |TAMS 0x0000000703800000, 0x0000000703600000| Complete 
|   2|0x0000000703800000, 0x00000007038cc000, 0x0000000703a00000| 39%| O|  |TAMS 0x00000007038cc000, 0x0000000703800000| Complete 
|   3|0x0000000703a00000, 0x0000000703c00000, 0x0000000703c00000|100%| O|  |TAMS 0x0000000703c00000, 0x0000000703a00000| Untracked 
|   4|0x0000000703c00000, 0x0000000703e00000, 0x0000000703e00000|100%| O|  |TAMS 0x0000000703e00000, 0x0000000703c00000| Untracked 
|   5|0x0000000703e00000, 0x0000000704000000, 0x0000000704000000|100%|HS|  |TAMS 0x0000000704000000, 0x0000000703e00000| Complete 
|   6|0x0000000704000000, 0x0000000704200000, 0x0000000704200000|100%| O|  |TAMS 0x0000000704200000, 0x0000000704000000| Untracked 
|   7|0x0000000704200000, 0x0000000704400000, 0x0000000704400000|100%| O|  |TAMS 0x0000000704400000, 0x0000000704200000| Untracked 
|   8|0x0000000704400000, 0x0000000704600000, 0x0000000704600000|100%| O|  |TAMS 0x0000000704600000, 0x0000000704400000| Untracked 
|   9|0x0000000704600000, 0x0000000704800000, 0x0000000704800000|100%| O|  |TAMS 0x0000000704800000, 0x0000000704600000| Untracked 
|  10|0x0000000704800000, 0x0000000704a00000, 0x0000000704a00000|100%| O|  |TAMS 0x0000000704a00000, 0x0000000704800000| Untracked 
|  11|0x0000000704a00000, 0x0000000704c00000, 0x0000000704c00000|100%| O|  |TAMS 0x0000000704c00000, 0x0000000704a00000| Untracked 
|  12|0x0000000704c00000, 0x0000000704e00000, 0x0000000704e00000|100%| O|  |TAMS 0x0000000704e00000, 0x0000000704c00000| Untracked 
|  13|0x0000000704e00000, 0x0000000705000000, 0x0000000705000000|100%| O|  |TAMS 0x0000000705000000, 0x0000000704e00000| Untracked 
|  14|0x0000000705000000, 0x0000000705200000, 0x0000000705200000|100%| O|  |TAMS 0x0000000705200000, 0x0000000705000000| Untracked 
|  15|0x0000000705200000, 0x0000000705400000, 0x0000000705400000|100%| O|  |TAMS 0x0000000705400000, 0x0000000705200000| Untracked 
|  16|0x0000000705400000, 0x0000000705600000, 0x0000000705600000|100%| O|  |TAMS 0x0000000705600000, 0x0000000705400000| Untracked 
|  17|0x0000000705600000, 0x0000000705800000, 0x0000000705800000|100%| O|  |TAMS 0x0000000705800000, 0x0000000705600000| Untracked 
|  18|0x0000000705800000, 0x0000000705a00000, 0x0000000705a00000|100%| O|  |TAMS 0x0000000705a00000, 0x0000000705800000| Untracked 
|  19|0x0000000705a00000, 0x0000000705c00000, 0x0000000705c00000|100%| O|  |TAMS 0x0000000705c00000, 0x0000000705a00000| Untracked 
|  20|0x0000000705c00000, 0x0000000705e00000, 0x0000000705e00000|100%| O|  |TAMS 0x0000000705e00000, 0x0000000705c00000| Untracked 
|  21|0x0000000705e00000, 0x0000000706000000, 0x0000000706000000|100%| O|  |TAMS 0x0000000706000000, 0x0000000705e00000| Untracked 
|  22|0x0000000706000000, 0x0000000706200000, 0x0000000706200000|100%| O|  |TAMS 0x0000000706200000, 0x0000000706000000| Untracked 
|  23|0x0000000706200000, 0x0000000706400000, 0x0000000706400000|100%| O|  |TAMS 0x0000000706400000, 0x0000000706200000| Untracked 
|  24|0x0000000706400000, 0x0000000706600000, 0x0000000706600000|100%| O|  |TAMS 0x0000000706600000, 0x0000000706400000| Untracked 
|  25|0x0000000706600000, 0x0000000706800000, 0x0000000706800000|100%| O|  |TAMS 0x0000000706800000, 0x0000000706600000| Untracked 
|  26|0x0000000706800000, 0x0000000706a00000, 0x0000000706a00000|100%| O|  |TAMS 0x0000000706a00000, 0x0000000706800000| Untracked 
|  27|0x0000000706a00000, 0x0000000706c00000, 0x0000000706c00000|100%| O|  |TAMS 0x0000000706a58400, 0x0000000706a00000| Untracked 
|  28|0x0000000706c00000, 0x0000000706e00000, 0x0000000706e00000|100%| O|  |TAMS 0x0000000706c00000, 0x0000000706c00000| Untracked 
|  29|0x0000000706e00000, 0x0000000706f0d400, 0x0000000707000000| 52%| O|  |TAMS 0x0000000706e00000, 0x0000000706e00000| Untracked 
|  30|0x0000000707000000, 0x0000000707000000, 0x0000000707200000|  0%| F|  |TAMS 0x0000000707000000, 0x0000000707000000| Untracked 
|  31|0x0000000707200000, 0x0000000707200000, 0x0000000707400000|  0%| F|  |TAMS 0x0000000707200000, 0x0000000707200000| Untracked 
|  32|0x0000000707400000, 0x0000000707400000, 0x0000000707600000|  0%| F|  |TAMS 0x0000000707400000, 0x0000000707400000| Untracked 
|  33|0x0000000707600000, 0x0000000707600000, 0x0000000707800000|  0%| F|  |TAMS 0x0000000707600000, 0x0000000707600000| Untracked 
|  34|0x0000000707800000, 0x0000000707800000, 0x0000000707a00000|  0%| F|  |TAMS 0x0000000707800000, 0x0000000707800000| Untracked 
|  35|0x0000000707a00000, 0x0000000707a00000, 0x0000000707c00000|  0%| F|  |TAMS 0x0000000707a00000, 0x0000000707a00000| Untracked 
|  36|0x0000000707c00000, 0x0000000707c00000, 0x0000000707e00000|  0%| F|  |TAMS 0x0000000707c00000, 0x0000000707c00000| Untracked 
|  37|0x0000000707e00000, 0x0000000707e00000, 0x0000000708000000|  0%| F|  |TAMS 0x0000000707e00000, 0x0000000707e00000| Untracked 
|  38|0x0000000708000000, 0x0000000708000000, 0x0000000708200000|  0%| F|  |TAMS 0x0000000708000000, 0x0000000708000000| Untracked 
|  39|0x0000000708200000, 0x0000000708200000, 0x0000000708400000|  0%| F|  |TAMS 0x0000000708200000, 0x0000000708200000| Untracked 
|  40|0x0000000708400000, 0x0000000708400000, 0x0000000708600000|  0%| F|  |TAMS 0x0000000708400000, 0x0000000708400000| Untracked 
|  41|0x0000000708600000, 0x0000000708600000, 0x0000000708800000|  0%| F|  |TAMS 0x0000000708600000, 0x0000000708600000| Untracked 
|  42|0x0000000708800000, 0x0000000708800000, 0x0000000708a00000|  0%| F|  |TAMS 0x0000000708800000, 0x0000000708800000| Untracked 
|  43|0x0000000708a00000, 0x0000000708a4ba10, 0x0000000708c00000| 14%| S|CS|TAMS 0x0000000708a00000, 0x0000000708a00000| Complete 
|  44|0x0000000708c00000, 0x0000000708e00000, 0x0000000708e00000|100%| S|CS|TAMS 0x0000000708c00000, 0x0000000708c00000| Complete 
|  45|0x0000000708e00000, 0x0000000708e00000, 0x0000000709000000|  0%| F|  |TAMS 0x0000000708e00000, 0x0000000708e00000| Untracked 
|  46|0x0000000709000000, 0x0000000709000000, 0x0000000709200000|  0%| F|  |TAMS 0x0000000709000000, 0x0000000709000000| Untracked 
|  47|0x0000000709200000, 0x0000000709200000, 0x0000000709400000|  0%| F|  |TAMS 0x0000000709200000, 0x0000000709200000| Untracked 
|  48|0x0000000709400000, 0x0000000709400000, 0x0000000709600000|  0%| F|  |TAMS 0x0000000709400000, 0x0000000709400000| Untracked 
|  49|0x0000000709600000, 0x0000000709600000, 0x0000000709800000|  0%| F|  |TAMS 0x0000000709600000, 0x0000000709600000| Untracked 
|  50|0x0000000709800000, 0x0000000709800000, 0x0000000709a00000|  0%| F|  |TAMS 0x0000000709800000, 0x0000000709800000| Untracked 
|  51|0x0000000709a00000, 0x0000000709a00000, 0x0000000709c00000|  0%| F|  |TAMS 0x0000000709a00000, 0x0000000709a00000| Untracked 
|  52|0x0000000709c00000, 0x0000000709c00000, 0x0000000709e00000|  0%| F|  |TAMS 0x0000000709c00000, 0x0000000709c00000| Untracked 
|  53|0x0000000709e00000, 0x0000000709eac920, 0x000000070a000000| 33%| E|  |TAMS 0x0000000709e00000, 0x0000000709e00000| Complete 
|  54|0x000000070a000000, 0x000000070a200000, 0x000000070a200000|100%| E|CS|TAMS 0x000000070a000000, 0x000000070a000000| Complete 
|  55|0x000000070a200000, 0x000000070a400000, 0x000000070a400000|100%| E|CS|TAMS 0x000000070a200000, 0x000000070a200000| Complete 
|  56|0x000000070a400000, 0x000000070a600000, 0x000000070a600000|100%| E|CS|TAMS 0x000000070a400000, 0x000000070a400000| Complete 
|  57|0x000000070a600000, 0x000000070a800000, 0x000000070a800000|100%| E|CS|TAMS 0x000000070a600000, 0x000000070a600000| Complete 
|  58|0x000000070a800000, 0x000000070aa00000, 0x000000070aa00000|100%| E|CS|TAMS 0x000000070a800000, 0x000000070a800000| Complete 
|  59|0x000000070aa00000, 0x000000070ac00000, 0x000000070ac00000|100%| E|CS|TAMS 0x000000070aa00000, 0x000000070aa00000| Complete 
|  60|0x000000070ac00000, 0x000000070ae00000, 0x000000070ae00000|100%| E|CS|TAMS 0x000000070ac00000, 0x000000070ac00000| Complete 
| 126|0x0000000713000000, 0x0000000713200000, 0x0000000713200000|100%| E|CS|TAMS 0x0000000713000000, 0x0000000713000000| Complete 
|2021|0x00000007ffe00000, 0x0000000800000000, 0x0000000800000000|100%| O|  |TAMS 0x0000000800000000, 0x00000007ffe00000| Untracked 

Card table byte_map: [0x0000015f12420000,0x0000015f12c10000] _byte_map_base: 0x0000015f0ec06000

Marking Bits (Prev, Next): (CMBitMap*) 0x0000015f7ccdad00, (CMBitMap*) 0x0000015f7ccdacc0
 Prev Bits: [0x0000015f17330000, 0x0000015f1b260000)
 Next Bits: [0x0000015f13400000, 0x0000015f17330000)

Polling page: 0x0000015f7cd20000

Metaspace:

Usage:
  Non-class:     68.69 MB used.
      Class:      8.68 MB used.
       Both:     77.37 MB used.

Virtual space:
  Non-class space:      128.00 MB reserved,      68.88 MB ( 54%) committed,  2 nodes.
      Class space:        1.00 GB reserved,       8.75 MB ( <1%) committed,  1 nodes.
             Both:        1.12 GB reserved,      77.62 MB (  7%) committed. 

Chunk freelists:
   Non-Class:  11.11 MB
       Class:  7.19 MB
        Both:  18.30 MB

MaxMetaspaceSize: unlimited
CompressedClassSpaceSize: 1.00 GB
Initial GC threshold: 21.00 MB
Current GC threshold: 127.19 MB
CDS: off
MetaspaceReclaimPolicy: balanced
 - commit_granule_bytes: 65536.
 - commit_granule_words: 8192.
 - virtual_space_node_default_size: 8388608.
 - enlarge_chunks_in_place: 1.
 - new_chunks_are_fully_committed: 0.
 - uncommit_free_chunks: 1.
 - use_allocation_guard: 0.
 - handle_deallocations: 1.


Internal statistics:

num_allocs_failed_limit: 6.
num_arena_births: 280.
num_arena_deaths: 0.
num_vsnodes_births: 3.
num_vsnodes_deaths: 0.
num_space_committed: 1240.
num_space_uncommitted: 0.
num_chunks_returned_to_freelist: 6.
num_chunks_taken_from_freelist: 2723.
num_chunk_merges: 6.
num_chunk_splits: 2314.
num_chunks_enlarged: 2120.
num_inconsistent_stats: 0.

CodeHeap 'non-profiled nmethods': size=120000Kb used=5020Kb max_used=5020Kb free=114979Kb
 bounds [0x0000015f0aef0000, 0x0000015f0b3e0000, 0x0000015f12420000]
CodeHeap 'profiled nmethods': size=120000Kb used=26478Kb max_used=26478Kb free=93521Kb
 bounds [0x0000015f03420000, 0x0000015f04e00000, 0x0000015f0a950000]
CodeHeap 'non-nmethods': size=5760Kb used=1396Kb max_used=1514Kb free=4363Kb
 bounds [0x0000015f0a950000, 0x0000015f0abc0000, 0x0000015f0aef0000]
 total_blobs=10124 nmethods=9398 adapters=635
 compilation: enabled
              stopped_count=0, restarted_count=0
 full_count=0

Compilation events (20 events):
Event: 6.434 Thread 0x0000015f1dbb1ea0 10698       3       org.jetbrains.kotlin.resolve.constants.StringValue::getType (9 bytes)
Event: 6.434 Thread 0x0000015f1dbb1ea0 nmethod 10698 0x0000015f04de6b10 code [0x0000015f04de6d80, 0x0000015f04de77e8]
Event: 6.434 Thread 0x0000015f1dbb1ea0 10700       3       kotlin.collections.MapsKt__MapsJVMKt::mapOf (24 bytes)
Event: 6.434 Thread 0x0000015f1ddd3b40 nmethod 10545 0x0000015f0b3d2690 code [0x0000015f0b3d2820, 0x0000015f0b3d2d18]
Event: 6.434 Thread 0x0000015f1ddd3b40 10536       4       org.jetbrains.org.objectweb.asm.tree.InsnList::toArray (41 bytes)
Event: 6.435 Thread 0x0000015f1dbb1ea0 nmethod 10700 0x0000015f04de7b90 code [0x0000015f04de7de0, 0x0000015f04de8688]
Event: 6.435 Thread 0x0000015f1dbb1ea0 10699       3       org.jetbrains.kotlin.resolve.constants.StringValue::getType (22 bytes)
Event: 6.435 Thread 0x0000015f1dbb1ea0 nmethod 10699 0x0000015f04de8990 code [0x0000015f04de8c00, 0x0000015f04de9608]
Event: 6.435 Thread 0x0000015f1dbb1ea0 10701       3       org.jetbrains.kotlin.codegen.signature.AsmTypeFactory::createFromString (6 bytes)
Event: 6.435 Thread 0x0000015f1dbb1ea0 nmethod 10701 0x0000015f04de9990 code [0x0000015f04de9be0, 0x0000015f04dea3d8]
Event: 6.436 Thread 0x0000015f1dbb1ea0 10702       3       org.jetbrains.kotlin.ir.util.ConstantValueGenerator::adjustAnnotationArgumentValue (47 bytes)
Event: 6.436 Thread 0x0000015f1dbb1ea0 nmethod 10702 0x0000015f04dea710 code [0x0000015f04deaa60, 0x0000015f04debe88]
Event: 6.436 Thread 0x0000015f1dbb1ea0 10703       3       org.jetbrains.kotlin.resolve.lazy.descriptors.LazyAnnotationsKt::getSourceForArgument (50 bytes)
Event: 6.437 Thread 0x0000015f1dbb1ea0 nmethod 10703 0x0000015f04dec510 code [0x0000015f04dec7e0, 0x0000015f04ded578]
Event: 6.437 Thread 0x0000015f1ddd3b40 nmethod 10536 0x0000015f0b3d2f10 code [0x0000015f0b3d30a0, 0x0000015f0b3d33b8]
Event: 6.437 Thread 0x0000015f1dbb1ea0 10704       3       org.jetbrains.kotlin.ir.util.ConstantValueGenerator::generateAnnotationValueAsExpression (35 bytes)
Event: 6.437 Thread 0x0000015f1ddd3b40 10627       4       org.jetbrains.kotlin.codegen.optimization.temporaryVals.TemporaryVariablesEliminationTransformer::matchOpcodes (49 bytes)
Event: 6.437 Thread 0x0000015f1dbb1ea0 nmethod 10704 0x0000015f04ded990 code [0x0000015f04dedc40, 0x0000015f04dee8c8]
Event: 6.438 Thread 0x0000015f1ddd3b40 nmethod 10627 0x0000015f0b3d3490 code [0x0000015f0b3d3600, 0x0000015f0b3d3738]
Event: 6.438 Thread 0x0000015f1ddd3b40 10694       4       org.jetbrains.kotlin.backend.jvm.JvmIrTypeSystemContext::typeConstructor (6 bytes)

GC Heap History (20 events):
Event: 2.509 GC heap before
{Heap before GC invocations=11 (full 0):
 garbage-first heap   total 75776K, used 51944K [0x0000000703400000, 0x0000000800000000)
  region size 2048K, 15 young (30720K), 2 survivors (4096K)
 Metaspace       used 49585K, committed 49792K, reserved 1114112K
  class space    used 5999K, committed 6080K, reserved 1048576K
}
Event: 2.516 GC heap after
{Heap after GC invocations=12 (full 0):
 garbage-first heap   total 75776K, used 31286K [0x0000000703400000, 0x0000000800000000)
  region size 2048K, 2 young (4096K), 2 survivors (4096K)
 Metaspace       used 49585K, committed 49792K, reserved 1114112K
  class space    used 5999K, committed 6080K, reserved 1048576K
}
Event: 2.905 GC heap before
{Heap before GC invocations=12 (full 0):
 garbage-first heap   total 75776K, used 55862K [0x0000000703400000, 0x0000000800000000)
  region size 2048K, 14 young (28672K), 2 survivors (4096K)
 Metaspace       used 52335K, committed 52544K, reserved 1114112K
  class space    used 6243K, committed 6336K, reserved 1048576K
}
Event: 2.916 GC heap after
{Heap after GC invocations=13 (full 0):
 garbage-first heap   total 92160K, used 35585K [0x0000000703400000, 0x0000000800000000)
  region size 2048K, 2 young (4096K), 2 survivors (4096K)
 Metaspace       used 52335K, committed 52544K, reserved 1114112K
  class space    used 6243K, committed 6336K, reserved 1048576K
}
Event: 3.247 GC heap before
{Heap before GC invocations=13 (full 0):
 garbage-first heap   total 92160K, used 68353K [0x0000000703400000, 0x0000000800000000)
  region size 2048K, 18 young (36864K), 2 survivors (4096K)
 Metaspace       used 52983K, committed 53184K, reserved 1114112K
  class space    used 6266K, committed 6336K, reserved 1048576K
}
Event: 3.261 GC heap after
{Heap after GC invocations=14 (full 0):
 garbage-first heap   total 92160K, used 41776K [0x0000000703400000, 0x0000000800000000)
  region size 2048K, 3 young (6144K), 3 survivors (6144K)
 Metaspace       used 52983K, committed 53184K, reserved 1114112K
  class space    used 6266K, committed 6336K, reserved 1048576K
}
Event: 3.449 GC heap before
{Heap before GC invocations=14 (full 0):
 garbage-first heap   total 92160K, used 68400K [0x0000000703400000, 0x0000000800000000)
  region size 2048K, 16 young (32768K), 3 survivors (6144K)
 Metaspace       used 54505K, committed 54784K, reserved 1114112K
  class space    used 6468K, committed 6592K, reserved 1048576K
}
Event: 3.461 GC heap after
{Heap after GC invocations=15 (full 0):
 garbage-first heap   total 92160K, used 43697K [0x0000000703400000, 0x0000000800000000)
  region size 2048K, 1 young (2048K), 1 survivors (2048K)
 Metaspace       used 54505K, committed 54784K, reserved 1114112K
  class space    used 6468K, committed 6592K, reserved 1048576K
}
Event: 3.971 GC heap before
{Heap before GC invocations=15 (full 0):
 garbage-first heap   total 92160K, used 70321K [0x0000000703400000, 0x0000000800000000)
  region size 2048K, 14 young (28672K), 1 survivors (2048K)
 Metaspace       used 56760K, committed 56960K, reserved 1114112K
  class space    used 6689K, committed 6784K, reserved 1048576K
}
Event: 3.979 GC heap after
{Heap after GC invocations=16 (full 0):
 garbage-first heap   total 92160K, used 48446K [0x0000000703400000, 0x0000000800000000)
  region size 2048K, 2 young (4096K), 2 survivors (4096K)
 Metaspace       used 56760K, committed 56960K, reserved 1114112K
  class space    used 6689K, committed 6784K, reserved 1048576K
}
Event: 4.357 GC heap before
{Heap before GC invocations=17 (full 0):
 garbage-first heap   total 92160K, used 68926K [0x0000000703400000, 0x0000000800000000)
  region size 2048K, 12 young (24576K), 2 survivors (4096K)
 Metaspace       used 58519K, committed 58816K, reserved 1114112K
  class space    used 6839K, committed 6976K, reserved 1048576K
}
Event: 4.367 GC heap after
{Heap after GC invocations=18 (full 0):
 garbage-first heap   total 92160K, used 51437K [0x0000000703400000, 0x0000000800000000)
  region size 2048K, 2 young (4096K), 2 survivors (4096K)
 Metaspace       used 58519K, committed 58816K, reserved 1114112K
  class space    used 6839K, committed 6976K, reserved 1048576K
}
Event: 4.682 GC heap before
{Heap before GC invocations=18 (full 0):
 garbage-first heap   total 92160K, used 69869K [0x0000000703400000, 0x0000000800000000)
  region size 2048K, 11 young (22528K), 2 survivors (4096K)
 Metaspace       used 61870K, committed 62144K, reserved 1114112K
  class space    used 7187K, committed 7296K, reserved 1048576K
}
Event: 4.689 GC heap after
{Heap after GC invocations=19 (full 0):
 garbage-first heap   total 129024K, used 53187K [0x0000000703400000, 0x0000000800000000)
  region size 2048K, 1 young (2048K), 1 survivors (2048K)
 Metaspace       used 61870K, committed 62144K, reserved 1114112K
  class space    used 7187K, committed 7296K, reserved 1048576K
}
Event: 5.346 GC heap before
{Heap before GC invocations=20 (full 0):
 garbage-first heap   total 129024K, used 96195K [0x0000000703400000, 0x0000000800000000)
  region size 2048K, 22 young (45056K), 1 survivors (2048K)
 Metaspace       used 69014K, committed 69248K, reserved 1114112K
  class space    used 7901K, committed 8000K, reserved 1048576K
}
Event: 5.352 GC heap after
{Heap after GC invocations=21 (full 0):
 garbage-first heap   total 129024K, used 56807K [0x0000000703400000, 0x0000000800000000)
  region size 2048K, 3 young (6144K), 3 survivors (6144K)
 Metaspace       used 69014K, committed 69248K, reserved 1114112K
  class space    used 7901K, committed 8000K, reserved 1048576K
}
Event: 5.790 GC heap before
{Heap before GC invocations=21 (full 0):
 garbage-first heap   total 129024K, used 95719K [0x0000000703400000, 0x0000000800000000)
  region size 2048K, 22 young (45056K), 3 survivors (6144K)
 Metaspace       used 74318K, committed 74560K, reserved 1179648K
  class space    used 8491K, committed 8576K, reserved 1048576K
}
Event: 5.799 GC heap after
{Heap after GC invocations=22 (full 0):
 garbage-first heap   total 129024K, used 61446K [0x0000000703400000, 0x0000000800000000)
  region size 2048K, 3 young (6144K), 3 survivors (6144K)
 Metaspace       used 74318K, committed 74560K, reserved 1179648K
  class space    used 8491K, committed 8576K, reserved 1048576K
}
Event: 6.204 GC heap before
{Heap before GC invocations=22 (full 0):
 garbage-first heap   total 129024K, used 96262K [0x0000000703400000, 0x0000000800000000)
  region size 2048K, 20 young (40960K), 3 survivors (6144K)
 Metaspace       used 77733K, committed 78016K, reserved 1179648K
  class space    used 8782K, committed 8896K, reserved 1048576K
}
Event: 6.210 GC heap after
{Heap after GC invocations=23 (full 0):
 garbage-first heap   total 129024K, used 63635K [0x0000000703400000, 0x0000000800000000)
  region size 2048K, 2 young (4096K), 2 survivors (4096K)
 Metaspace       used 77733K, committed 78016K, reserved 1179648K
  class space    used 8782K, committed 8896K, reserved 1048576K
}

Dll operation events (2 events):
Event: 0.005 Loaded shared library C:\Program Files\Android\Android Studio\jbr\bin\java.dll
Event: 0.952 Loaded shared library C:\Program Files\Android\Android Studio\jbr\bin\verify.dll

Deoptimization events (20 events):
Event: 6.313 Thread 0x0000015f7cc6aa10 Uncommon trap: trap_request=0xffffff45 fr.pc=0x0000015f0b2fcadc relative=0x000000000000061c
Event: 6.313 Thread 0x0000015f7cc6aa10 Uncommon trap: reason=unstable_if action=reinterpret pc=0x0000015f0b2fcadc method=java.lang.String.valueOf(Ljava/lang/Object;)Ljava/lang/String; @ 1 c2
Event: 6.313 Thread 0x0000015f7cc6aa10 DEOPT PACKING pc=0x0000015f0b2fcadc sp=0x00000048b34fd6e0
Event: 6.313 Thread 0x0000015f7cc6aa10 DEOPT UNPACKING pc=0x0000015f0a9a69a3 sp=0x00000048b34fd678 mode 2
Event: 6.349 Thread 0x0000015f7cc6aa10 Uncommon trap: trap_request=0xffffffc6 fr.pc=0x0000015f0b3b0c0c relative=0x000000000000138c
Event: 6.349 Thread 0x0000015f7cc6aa10 Uncommon trap: reason=bimorphic_or_optimized_type_check action=maybe_recompile pc=0x0000015f0b3b0c0c method=org.jetbrains.kotlin.ir.types.IrTypePredicatesKt.hasFqNameEqualToSignature(Lorg/jetbrains/kotlin/ir/declarations/IrClass;Lorg/jetbrains/kotlin/ir/u
Event: 6.349 Thread 0x0000015f7cc6aa10 DEOPT PACKING pc=0x0000015f0b3b0c0c sp=0x00000048b34fc6d0
Event: 6.349 Thread 0x0000015f7cc6aa10 DEOPT UNPACKING pc=0x0000015f0a9a69a3 sp=0x00000048b34fc630 mode 2
Event: 6.349 Thread 0x0000015f7cc6aa10 Uncommon trap: trap_request=0xffffffc6 fr.pc=0x0000015f0b3b0c0c relative=0x000000000000138c
Event: 6.349 Thread 0x0000015f7cc6aa10 Uncommon trap: reason=bimorphic_or_optimized_type_check action=maybe_recompile pc=0x0000015f0b3b0c0c method=org.jetbrains.kotlin.ir.types.IrTypePredicatesKt.hasFqNameEqualToSignature(Lorg/jetbrains/kotlin/ir/declarations/IrClass;Lorg/jetbrains/kotlin/ir/u
Event: 6.349 Thread 0x0000015f7cc6aa10 DEOPT PACKING pc=0x0000015f0b3b0c0c sp=0x00000048b34fc200
Event: 6.349 Thread 0x0000015f7cc6aa10 DEOPT UNPACKING pc=0x0000015f0a9a69a3 sp=0x00000048b34fc160 mode 2
Event: 6.349 Thread 0x0000015f7cc6aa10 Uncommon trap: trap_request=0xffffff45 fr.pc=0x0000015f0b27c64c relative=0x000000000000022c
Event: 6.349 Thread 0x0000015f7cc6aa10 Uncommon trap: reason=unstable_if action=reinterpret pc=0x0000015f0b27c64c method=kotlin.text.StringsKt__StringsKt.substringAfter(Ljava/lang/String;Ljava/lang/String;Ljava/lang/String;)Ljava/lang/String; @ 36 c2
Event: 6.349 Thread 0x0000015f7cc6aa10 DEOPT PACKING pc=0x0000015f0b27c64c sp=0x00000048b34fbd90
Event: 6.349 Thread 0x0000015f7cc6aa10 DEOPT UNPACKING pc=0x0000015f0a9a69a3 sp=0x00000048b34fbc90 mode 2
Event: 6.364 Thread 0x0000015f7cc6aa10 Uncommon trap: trap_request=0xffffff45 fr.pc=0x0000015f0b3aed9c relative=0x000000000000017c
Event: 6.364 Thread 0x0000015f7cc6aa10 Uncommon trap: reason=unstable_if action=reinterpret pc=0x0000015f0b3aed9c method=org.jetbrains.kotlin.codegen.inline.InlineCodegenUtilsKt.isInlineMarker(Lorg/jetbrains/org/objectweb/asm/tree/AbstractInsnNode;Ljava/lang/String;)Z @ 33 c2
Event: 6.365 Thread 0x0000015f7cc6aa10 DEOPT PACKING pc=0x0000015f0b3aed9c sp=0x00000048b34fd1a0
Event: 6.365 Thread 0x0000015f7cc6aa10 DEOPT UNPACKING pc=0x0000015f0a9a69a3 sp=0x00000048b34fd128 mode 2

Classes unloaded (0 events):
No events

Classes redefined (0 events):
No events

Internal exceptions (20 events):
Event: 2.663 Thread 0x0000015f7cc6aa10 Exception <a 'java/lang/NoSuchMethodError'{0x00000007072b1880}: 'java.lang.Object java.lang.invoke.DirectMethodHandle$Holder.newInvokeSpecial(java.lang.Object, int, java.lang.Object)'> (0x00000007072b1880) 
thrown [s\src\hotspot\share\interpreter\linkResolver.cpp, line 771]
Event: 2.688 Thread 0x0000015f7cc6aa10 Implicit null exception at 0x0000015f0af40cef to 0x0000015f0af40edc
Event: 2.689 Thread 0x0000015f7cc6aa10 Implicit null exception at 0x0000015f0af4e80f to 0x0000015f0af4e889
Event: 3.398 Thread 0x0000015f7cc6aa10 Implicit null exception at 0x0000015f0b01c7cc to 0x0000015f0b01c8d4
Event: 3.517 Thread 0x0000015f7cc6aa10 Exception <a 'java/lang/NoSuchMethodError'{0x00000007089d2468}: 'java.lang.Object java.lang.invoke.DirectMethodHandle$Holder.invokeStatic(java.lang.Object, int, java.lang.Object)'> (0x00000007089d2468) 
thrown [s\src\hotspot\share\interpreter\linkResolver.cpp, line 771]
Event: 3.560 Thread 0x0000015f7cc6aa10 Exception <a 'java/lang/NoSuchMethodError'{0x000000070873a980}: 'java.lang.Object java.lang.invoke.DirectMethodHandle$Holder.invokeInterface(java.lang.Object, java.lang.Object, java.lang.Object)'> (0x000000070873a980) 
thrown [s\src\hotspot\share\interpreter\linkResolver.cpp, line 771]
Event: 3.560 Thread 0x0000015f7cc6aa10 Exception <a 'java/lang/IncompatibleClassChangeError'{0x000000070873e2f0}: Found class java.lang.Object, but interface was expected> (0x000000070873e2f0) 
thrown [s\src\hotspot\share\interpreter\linkResolver.cpp, line 838]
Event: 3.594 Thread 0x0000015f7cc6aa10 Implicit null exception at 0x0000015f0b168e60 to 0x0000015f0b169e10
Event: 3.726 Thread 0x0000015f7cc6aa10 Exception <a 'java/lang/NoSuchMethodError'{0x0000000707e27448}: 'java.lang.Object java.lang.invoke.DirectMethodHandle$Holder.newInvokeSpecial(java.lang.Object, java.lang.Object, java.lang.Object, java.lang.Object, java.lang.Object, java.lang.Object, java.lang.Object)'> (0x0000000707e27448) 
thrown [s\src\hotspot\share\interpreter\linkResolver.cpp, line 771]
Event: 3.726 Thread 0x0000015f7cc6aa10 Exception <a 'java/lang/NoSuchMethodError'{0x0000000707e2c000}: 'java.lang.Object java.lang.invoke.Invokers$Holder.linkToTargetMethod(java.lang.Object, java.lang.Object, java.lang.Object, java.lang.Object, java.lang.Object, java.lang.Object, java.lang.Object)'> (0x0000000707e2c000) 
thrown [s\src\hotspot\share\interpreter\linkResolver.cpp, line 771]
Event: 4.087 Thread 0x0000015f7cc6aa10 Exception <a 'java/lang/NoSuchMethodError'{0x0000000708480bc0}: 'int java.lang.invoke.DirectMethodHandle$Holder.invokeStaticInit(java.lang.Object, int)'> (0x0000000708480bc0) 
thrown [s\src\hotspot\share\interpreter\linkResolver.cpp, line 771]
Event: 4.216 Thread 0x0000015f7cc6aa10 Exception <a 'java/lang/NoSuchMethodError'{0x0000000707f75838}: 'java.lang.Object java.lang.invoke.DirectMethodHandle$Holder.newInvokeSpecial(java.lang.Object, int, java.lang.Object, java.lang.Object)'> (0x0000000707f75838) 
thrown [s\src\hotspot\share\interpreter\linkResolver.cpp, line 771]
Event: 4.248 Thread 0x0000015f7cc6aa10 Implicit null exception at 0x0000015f0af56f60 to 0x0000015f0af56ffa
Event: 4.490 Thread 0x0000015f7cc6aa10 Implicit null exception at 0x0000015f0af8e16f to 0x0000015f0af8e354
Event: 4.538 Thread 0x0000015f7cc6aa10 Implicit null exception at 0x0000015f0b178a57 to 0x0000015f0b178d70
Event: 4.596 Thread 0x0000015f7cc6aa10 Exception <a 'java/lang/NoSuchMethodError'{0x00000007080826f8}: 'java.lang.Object java.lang.invoke.DirectMethodHandle$Holder.invokeStaticInit(java.lang.Object, java.lang.Object, java.lang.Object, java.lang.Object)'> (0x00000007080826f8) 
thrown [s\src\hotspot\share\interpreter\linkResolver.cpp, line 771]
Event: 4.845 Thread 0x0000015f7cc6aa10 Exception <a 'java/lang/NoSuchMethodError'{0x000000070a4f5a50}: 'java.lang.Object java.lang.invoke.DirectMethodHandle$Holder.newInvokeSpecial(java.lang.Object, java.lang.Object, java.lang.Object, int, int)'> (0x000000070a4f5a50) 
thrown [s\src\hotspot\share\interpreter\linkResolver.cpp, line 771]
Event: 4.846 Thread 0x0000015f7cc6aa10 Exception <a 'java/lang/NoSuchMethodError'{0x000000070a4f9890}: 'java.lang.Object java.lang.invoke.DirectMethodHandle$Holder.invokeSpecial(java.lang.Object, java.lang.Object, java.lang.Object, java.lang.Object, int, int)'> (0x000000070a4f9890) 
thrown [s\src\hotspot\share\interpreter\linkResolver.cpp, line 771]
Event: 4.854 Thread 0x0000015f7cc6aa10 Exception <a 'java/lang/NoSuchMethodError'{0x000000070a56b6e0}: 'java.lang.Object java.lang.invoke.Invokers$Holder.linkToTargetMethod(java.lang.Object, java.lang.Object, int, int, java.lang.Object, java.lang.Object, java.lang.Object, java.lang.Object, java.lang.Object)'> (0x000000070a56b6e0) 
thrown [s\src\hotspot\share\interpreter\linkResolver.cpp, line 771]
Event: 4.951 Thread 0x0000015f7cc6aa10 Implicit null exception at 0x0000015f0af5cf70 to 0x0000015f0af5d1d0

VM Operations (20 events):
Event: 6.029 Executing VM operation: HandshakeAllThreads
Event: 6.029 Executing VM operation: HandshakeAllThreads done
Event: 6.030 Executing VM operation: HandshakeAllThreads
Event: 6.030 Executing VM operation: HandshakeAllThreads done
Event: 6.043 Executing VM operation: HandshakeAllThreads
Event: 6.043 Executing VM operation: HandshakeAllThreads done
Event: 6.145 Executing VM operation: ICBufferFull
Event: 6.145 Executing VM operation: ICBufferFull done
Event: 6.204 Executing VM operation: G1CollectForAllocation
Event: 6.210 Executing VM operation: G1CollectForAllocation done
Event: 6.249 Executing VM operation: HandshakeAllThreads
Event: 6.249 Executing VM operation: HandshakeAllThreads done
Event: 6.254 Executing VM operation: G1PauseRemark
Event: 6.259 Executing VM operation: G1PauseRemark done
Event: 6.281 Executing VM operation: G1PauseCleanup
Event: 6.281 Executing VM operation: G1PauseCleanup done
Event: 6.330 Executing VM operation: HandshakeAllThreads
Event: 6.330 Executing VM operation: HandshakeAllThreads done
Event: 6.427 Executing VM operation: ICBufferFull
Event: 6.428 Executing VM operation: ICBufferFull done

Events (20 events):
Event: 4.935 Thread 0x0000015f1dbb27b0 flushing nmethod 0x0000015f04536610
Event: 4.935 Thread 0x0000015f1dbb27b0 flushing nmethod 0x0000015f0454f990
Event: 4.935 Thread 0x0000015f1dbb27b0 flushing nmethod 0x0000015f0458d190
Event: 4.935 Thread 0x0000015f1dbb27b0 flushing nmethod 0x0000015f045b0910
Event: 4.935 Thread 0x0000015f1dbb27b0 flushing nmethod 0x0000015f045b7c90
Event: 4.935 Thread 0x0000015f1dbb27b0 flushing nmethod 0x0000015f045c1390
Event: 4.935 Thread 0x0000015f1dbb27b0 flushing nmethod 0x0000015f045f8090
Event: 4.935 Thread 0x0000015f1dbb27b0 flushing nmethod 0x0000015f0461c990
Event: 4.935 Thread 0x0000015f1dbb27b0 flushing nmethod 0x0000015f046c3f90
Event: 4.935 Thread 0x0000015f1dbb27b0 flushing nmethod 0x0000015f046f6d10
Event: 4.935 Thread 0x0000015f1dbb27b0 flushing nmethod 0x0000015f04726110
Event: 4.935 Thread 0x0000015f1dbb27b0 flushing nmethod 0x0000015f0472a610
Event: 5.781 Thread 0x0000015f1dbb27b0 flushing nmethod 0x0000015f03b95810
Event: 5.782 Thread 0x0000015f1dbb27b0 flushing nmethod 0x0000015f03efeb90
Event: 5.784 Thread 0x0000015f1dbb27b0 flushing nmethod 0x0000015f04150610
Event: 5.788 Thread 0x0000015f1dbb27b0 flushing nmethod 0x0000015f047a4690
Event: 6.120 loading class java/util/Vector$Itr
Event: 6.120 loading class java/util/Vector$Itr done
Event: 6.154 loading class java/util/regex/Pattern$Dollar
Event: 6.154 loading class java/util/regex/Pattern$Dollar done


Dynamic libraries:
0x00007ff69dda0000 - 0x00007ff69ddaa000 	C:\Program Files\Android\Android Studio\jbr\bin\java.exe
0x00007ffbf4430000 - 0x00007ffbf4647000 	C:\WINDOWS\SYSTEM32\ntdll.dll
0x00007ffbf2b20000 - 0x00007ffbf2be4000 	C:\WINDOWS\System32\KERNEL32.DLL
0x00007ffbf1a50000 - 0x00007ffbf1dfd000 	C:\WINDOWS\System32\KERNELBASE.dll
0x00007ffbf1820000 - 0x00007ffbf1931000 	C:\WINDOWS\System32\ucrtbase.dll
0x00007ffba59e0000 - 0x00007ffba59fb000 	C:\Program Files\Android\Android Studio\jbr\bin\VCRUNTIME140.dll
0x00007ffbd89c0000 - 0x00007ffbd89d7000 	C:\Program Files\Android\Android Studio\jbr\bin\jli.dll
0x00007ffbf3160000 - 0x00007ffbf330e000 	C:\WINDOWS\System32\USER32.dll
0x00007ffbf1fa0000 - 0x00007ffbf1fc6000 	C:\WINDOWS\System32\win32u.dll
0x00007ffbd71a0000 - 0x00007ffbd7433000 	C:\WINDOWS\WinSxS\amd64_microsoft.windows.common-controls_6595b64144ccf1df_6.0.22621.3672_none_2713b9d173822955\COMCTL32.dll
0x00007ffbf2d40000 - 0x00007ffbf2d69000 	C:\WINDOWS\System32\GDI32.dll
0x00007ffbf2270000 - 0x00007ffbf2317000 	C:\WINDOWS\System32\msvcrt.dll
0x00007ffbf2050000 - 0x00007ffbf2169000 	C:\WINDOWS\System32\gdi32full.dll
0x00007ffbf1940000 - 0x00007ffbf19da000 	C:\WINDOWS\System32\msvcp_win.dll
0x00007ffbf2ca0000 - 0x00007ffbf2cd1000 	C:\WINDOWS\System32\IMM32.DLL
0x00007ffbc7640000 - 0x00007ffbc764c000 	C:\Program Files\Android\Android Studio\jbr\bin\vcruntime140_1.dll
0x00007ffb7bbd0000 - 0x00007ffb7bc5d000 	C:\Program Files\Android\Android Studio\jbr\bin\msvcp140.dll
0x00007ffb89840000 - 0x00007ffb8a4c3000 	C:\Program Files\Android\Android Studio\jbr\bin\server\jvm.dll
0x00007ffbf3310000 - 0x00007ffbf33c2000 	C:\WINDOWS\System32\ADVAPI32.dll
0x00007ffbf2bf0000 - 0x00007ffbf2c99000 	C:\WINDOWS\System32\sechost.dll
0x00007ffbf1e00000 - 0x00007ffbf1e28000 	C:\WINDOWS\System32\bcrypt.dll
0x00007ffbf3040000 - 0x00007ffbf3154000 	C:\WINDOWS\System32\RPCRT4.dll
0x00007ffbe8900000 - 0x00007ffbe8909000 	C:\WINDOWS\SYSTEM32\WSOCK32.dll
0x00007ffbf05b0000 - 0x00007ffbf05fd000 	C:\WINDOWS\SYSTEM32\POWRPROF.dll
0x00007ffbf2aa0000 - 0x00007ffbf2b11000 	C:\WINDOWS\System32\WS2_32.dll
0x00007ffbda2e0000 - 0x00007ffbda314000 	C:\WINDOWS\SYSTEM32\WINMM.dll
0x00007ffbe8120000 - 0x00007ffbe812a000 	C:\WINDOWS\SYSTEM32\VERSION.dll
0x00007ffbf0590000 - 0x00007ffbf05a3000 	C:\WINDOWS\SYSTEM32\UMPDC.dll
0x00007ffbf0850000 - 0x00007ffbf0868000 	C:\WINDOWS\SYSTEM32\kernel.appcore.dll
0x00007ffbdb300000 - 0x00007ffbdb30a000 	C:\Program Files\Android\Android Studio\jbr\bin\jimage.dll
0x00007ffbeeb10000 - 0x00007ffbeed42000 	C:\WINDOWS\SYSTEM32\DBGHELP.DLL
0x00007ffbf2320000 - 0x00007ffbf26a8000 	C:\WINDOWS\System32\combase.dll
0x00007ffbf2830000 - 0x00007ffbf2907000 	C:\WINDOWS\System32\OLEAUT32.dll
0x00007ffbe4b00000 - 0x00007ffbe4b32000 	C:\WINDOWS\SYSTEM32\dbgcore.DLL
0x00007ffbf1fd0000 - 0x00007ffbf204b000 	C:\WINDOWS\System32\bcryptPrimitives.dll
0x00007ffbdb2d0000 - 0x00007ffbdb2f5000 	C:\Program Files\Android\Android Studio\jbr\bin\java.dll
0x00007ffbdacc0000 - 0x00007ffbdacd8000 	C:\Program Files\Android\Android Studio\jbr\bin\zip.dll
0x00007ffbf33d0000 - 0x00007ffbf3c2f000 	C:\WINDOWS\System32\SHELL32.dll
0x00007ffbef670000 - 0x00007ffbeff6c000 	C:\WINDOWS\SYSTEM32\windows.storage.dll
0x00007ffbef530000 - 0x00007ffbef66f000 	C:\WINDOWS\SYSTEM32\wintypes.dll
0x00007ffbf2170000 - 0x00007ffbf2264000 	C:\WINDOWS\System32\SHCORE.dll
0x00007ffbf2ce0000 - 0x00007ffbf2d3e000 	C:\WINDOWS\System32\shlwapi.dll
0x00007ffbf1690000 - 0x00007ffbf16b1000 	C:\WINDOWS\SYSTEM32\profapi.dll
0x00007ffbdaca0000 - 0x00007ffbdacb9000 	C:\Program Files\Android\Android Studio\jbr\bin\net.dll
0x00007ffbe9f40000 - 0x00007ffbea076000 	C:\WINDOWS\SYSTEM32\WINHTTP.dll
0x00007ffbf0cd0000 - 0x00007ffbf0d39000 	C:\WINDOWS\system32\mswsock.dll
0x00007ffbdac80000 - 0x00007ffbdac96000 	C:\Program Files\Android\Android Studio\jbr\bin\nio.dll
0x00007ffbdac50000 - 0x00007ffbdac60000 	C:\Program Files\Android\Android Studio\jbr\bin\verify.dll

dbghelp: loaded successfully - version: 4.0.5 - missing functions: none
symbol engine: initialized successfully - sym options: 0x614 - pdb path: .;C:\Program Files\Android\Android Studio\jbr\bin;C:\WINDOWS\SYSTEM32;C:\WINDOWS\WinSxS\amd64_microsoft.windows.common-controls_6595b64144ccf1df_6.0.22621.3672_none_2713b9d173822955;C:\Program Files\Android\Android Studio\jbr\bin\server

VM Arguments:
java_command: org.jetbrains.kotlin.cli.jvm.K2JVMCompiler @C:\Peronal_Category\Implement\Native-Android\app\build\20240701_14920347674763582592.compiler.options
java_class_path (initial): C:\Users\chanm\.gradle\caches\modules-2\files-2.1\org.jetbrains.kotlin\kotlin-compiler-embeddable\1.9.0\2c8c3a7402becca891f12739b3e9fd2dc2adbd7a\kotlin-compiler-embeddable-1.9.0.jar;C:\Users\chanm\.gradle\caches\modules-2\files-2.1\org.jetbrains.kotlin\kotlin-stdlib\1.9.0\8ee15ef0c67dc83d874f412d84378d7f0eb50b63\kotlin-stdlib-1.9.0.jar;C:\Users\chanm\.gradle\caches\modules-2\files-2.1\org.jetbrains.kotlin\kotlin-script-runtime\1.9.0\4b3102cbbb7e1b58d9d1adf89563f00069ffa7d1\kotlin-script-runtime-1.9.0.jar;C:\Users\chanm\.gradle\caches\modules-2\files-2.1\org.jetbrains.kotlin\kotlin-reflect\1.6.10\1cbe9c92c12a94eea200d23c2bbaedaf3daf5132\kotlin-reflect-1.6.10.jar;C:\Users\chanm\.gradle\caches\modules-2\files-2.1\org.jetbrains.kotlin\kotlin-daemon-embeddable\1.9.0\186543f5e28cf8d9a0290fecc2cf34301c40a65c\kotlin-daemon-embeddable-1.9.0.jar;C:\Users\chanm\.gradle\caches\modules-2\files-2.1\org.jetbrains.intellij.deps\trove4j\1.0.20200330\3afb14d5f9ceb459d724e907a21145e8ff394f02\trove4j-1.0.20200330.jar;C:\Users\chanm\.gradle\caches\modules-2\files-2.1\org.jetbrains.kotlin\kotlin-stdlib-common\1.9.0\cd65c21cfd1eec4d44ef09f9f52b6d9f8a720636\kotlin-stdlib-common-1.9.0.jar;C:\Users\chanm\.gradle\caches\modules-2\files-2.1\org.jetbrains\annotations\13.0\919f0dfe192fb4e063e7dacadee7f8bb9a2672a9\annotations-13.0.jar
Launcher Type: SUN_STANDARD

[Global flags]
     intx CICompilerCount                          = 4                                         {product} {ergonomic}
     uint ConcGCThreads                            = 3                                         {product} {ergonomic}
     uint G1ConcRefinementThreads                  = 10                                        {product} {ergonomic}
   size_t G1HeapRegionSize                         = 2097152                                   {product} {ergonomic}
    uintx GCDrainStackTargetSize                   = 64                                        {product} {ergonomic}
   size_t InitialHeapSize                          = 266338304                                 {product} {ergonomic}
   size_t MarkStackSize                            = 4194304                                   {product} {ergonomic}
   size_t MaxHeapSize                              = 4240441344                                {product} {ergonomic}
   size_t MaxNewSize                               = 2543845376                                {product} {ergonomic}
   size_t MinHeapDeltaBytes                        = 2097152                                   {product} {ergonomic}
   size_t MinHeapSize                              = 8388608                                   {product} {ergonomic}
    uintx NonNMethodCodeHeapSize                   = 5839372                                {pd product} {ergonomic}
    uintx NonProfiledCodeHeapSize                  = 122909434                              {pd product} {ergonomic}
    uintx ProfiledCodeHeapSize                     = 122909434                              {pd product} {ergonomic}
    uintx ReservedCodeCacheSize                    = 251658240                              {pd product} {ergonomic}
     bool SegmentedCodeCache                       = true                                      {product} {ergonomic}
   size_t SoftMaxHeapSize                          = 4240441344                             {manageable} {ergonomic}
     bool UseCompressedClassPointers               = true                           {product lp64_product} {ergonomic}
     bool UseCompressedOops                        = true                           {product lp64_product} {ergonomic}
     bool UseG1GC                                  = true                                      {product} {ergonomic}
     bool UseLargePagesIndividualAllocation        = false                                  {pd product} {ergonomic}

Logging:
Log output configuration:
 #0: stdout all=warning uptime,level,tags
 #1: stderr all=off uptime,level,tags

Environment Variables:
PATH=C:\Windows\system32;C:\Windows;C:\Windows\System32\Wbem;C:\Windows\System32\WindowsPowerShell\v1.0\;C:\Windows\System32\OpenSSH\;C:\Program Files (x86)\NVIDIA Corporation\PhysX\Common;C:\Program Files\NVIDIA Corporation\NVIDIA NvDLISR;C:\WINDOWS\system32;C:\WINDOWS;C:\WINDOWS\System32\Wbem;C:\WINDOWS\System32\WindowsPowerShell\v1.0\;C:\WINDOWS\System32\OpenSSH\;C:\Program Files\Microsoft SQL Server\150\Tools\Binn\;C:\Program Files\Microsoft SQL Server\Client SDK\ODBC\170\Tools\Binn\;C:\Program Files\dotnet\;C:\Program Files\nodejs\;C:\Program Files (x86)\Microsoft SQL Server\160\DTS\Binn\;C:\Program Files\Azure Data Studio\bin;C:\Program Files (x86)\Microsoft SQL Server\160\Tools\Binn\;C:\Program Files\Microsoft SQL Server\160\Tools\Binn\;C:\Program Files\Microsoft SQL Server\160\DTS\Binn\;C:\Program Files\Git\cmd;C:\Users\chanm\.console-ninja\.bin;C:\Users\chanm\AppData\Local\Microsoft\WindowsApps;;C:\Users\chanm\AppData\Local\Programs\Microsoft VS Code\bin;C:\Users\chanm\.dotnet\tools;C:\Users\chanm\AppData\Roaming\npm;C:\Program Files\Azure Data Studio\bin
USERNAME=chanm
OS=Windows_NT
PROCESSOR_IDENTIFIER=Intel64 Family 6 Model 165 Stepping 2, GenuineIntel
TMP=C:\Users\chanm\AppData\Local\Temp
TEMP=C:\Users\chanm\AppData\Local\Temp



Periodic native trim disabled

JNI global refs:
JNI global refs: 10, weak refs: 4

JNI global refs memory usage: 843, weak refs: 841

OOME stack traces (most recent first):
Classloader memory used:
Loader jdk.internal.loader.ClassLoaders$AppClassLoader                                 : 8551K
Loader bootstrap                                                                       : 1339K
Loader jdk.internal.reflect.DelegatingClassLoader                                      : 13011B


---------------  S Y S T E M  ---------------

OS:
 Windows 11 , 64 bit Build 22621 (10.0.22621.3672)
OS uptime: 2 days 17:22 hours
Hyper-V role detected

CPU: total 12 (initial active 12) (6 cores per cpu, 2 threads per core) family 6 model 165 stepping 2 microcode 0xe0, cx8, cmov, fxsr, ht, mmx, 3dnowpref, sse, sse2, sse3, ssse3, sse4.1, sse4.2, popcnt, lzcnt, tsc, tscinvbit, avx, avx2, aes, erms, clmul, bmi1, bmi2, adx, fma, vzeroupper, clflush, clflushopt, hv
Processor Information for all 12 processors :
  Max Mhz: 2592, Current Mhz: 2592, Mhz Limit: 2592

Memory: 4k page, system-wide physical 16171M (2679M free)
TotalPageFile size 16171M (AvailPageFile size 10M)
current process WorkingSet (physical memory assigned to process): 356M, peak: 359M
current process commit charge ("private bytes"): 396M, peak: 401M

vm_info: OpenJDK 64-Bit Server VM (17.0.10+0--11609105) for windows-amd64 JRE (17.0.10+0--11609105), built on Mar 21 2024 19:10:56 by "androidbuild" with MS VC++ 16.10 / 16.11 (VS2019)

END.
