#
# There is insufficient memory for the Java Runtime Environment to continue.
# Native memory allocation (mmap) failed to map 266338304 bytes for G1 virtual space
# Possible reasons:
#   The system is out of physical RAM or swap space
#   The process is running with CompressedOops enabled, and the Java Heap may be blocking the growth of the native heap
# Possible solutions:
#   Reduce memory load on the system
#   Increase physical memory or swap space
#   Check if swap backing store is full
#   Decrease Java heap size (-Xmx/-Xms)
#   Decrease number of Java threads
#   Decrease Java thread stack sizes (-Xss)
#   Set larger code cache with -XX:ReservedCodeCacheSize=
#   JVM is running with Zero Based Compressed Oops mode in which the Java heap is
#     placed in the first 32GB address space. The Java Heap base address is the
#     maximum limit for the native heap growth. Please use -XX:HeapBaseMinAddress
#     to set the Java Heap base and to place the Java Heap above 32GB virtual address.
# This output file may be truncated or incomplete.
#
#  Out of Memory Error (os_windows.cpp:3825), pid=23440, tid=10008
#
# JRE version:  (17.0.10) (build )
# Java VM: OpenJDK 64-Bit Server VM (17.0.10+0--11609105, mixed mode, sharing, tiered, compressed oops, compressed class ptrs, g1 gc, windows-amd64)
# No core dump will be written. Minidumps are not enabled by default on client versions of Windows
#

---------------  S U M M A R Y ------------

Command Line: org.jetbrains.kotlin.cli.jvm.K2JVMCompiler @C:\Peronal_Category\Implement\Native-Android\app\build\20240701_9835937576049061208.compiler.options

Host: Intel(R) Core(TM) i7-10750H CPU @ 2.60GHz, 12 cores, 15G,  Windows 11 , 64 bit Build 22621 (10.0.22621.3672)
Time: Mon Jul  1 09:29:35 2024 SE Asia Standard Time elapsed time: 0.007922 seconds (0d 0h 0m 0s)

---------------  T H R E A D  ---------------

Current thread (0x00000281a1339310):  JavaThread "Unknown thread" [_thread_in_vm, id=10008, stack(0x000000dea9a00000,0x000000dea9b00000)]

Stack: [0x000000dea9a00000,0x000000dea9b00000]
Native frames: (J=compiled Java code, j=interpreted, Vv=VM code, C=native code)
V  [jvm.dll+0x688de9]
V  [jvm.dll+0x8423da]
V  [jvm.dll+0x84401e]
V  [jvm.dll+0x844683]
V  [jvm.dll+0x24be0f]
V  [jvm.dll+0x685bb9]
V  [jvm.dll+0x67a46a]
V  [jvm.dll+0x30cbab]
V  [jvm.dll+0x314056]
V  [jvm.dll+0x363dce]
V  [jvm.dll+0x363fff]
V  [jvm.dll+0x2e2978]
V  [jvm.dll+0x2e38e4]
V  [jvm.dll+0x812f71]
V  [jvm.dll+0x371c81]
V  [jvm.dll+0x7f1ac6]
V  [jvm.dll+0x3f58df]
V  [jvm.dll+0x3f7511]
C  [jli.dll+0x528f]
C  [ucrtbase.dll+0x29333]
C  [KERNEL32.DLL+0x1257d]
C  [ntdll.dll+0x5af28]


---------------  P R O C E S S  ---------------

Threads class SMR info:
_java_thread_list=0x00007ffb8a37ef58, length=0, elements={
}

Java Threads: ( => current thread )

Other Threads:
  0x00000281a13a8240 GCTaskThread "GC Thread#0" [stack: 0x000000dea9b00000,0x000000dea9c00000] [id=2644]
  0x00000281a13b8e50 ConcurrentGCThread "G1 Main Marker" [stack: 0x000000dea9c00000,0x000000dea9d00000] [id=10948]
  0x00000281a13ba010 ConcurrentGCThread "G1 Conc#0" [stack: 0x000000dea9d00000,0x000000dea9e00000] [id=13092]

[error occurred during error reporting (printing all threads), id 0xc0000005, EXCEPTION_ACCESS_VIOLATION (0xc0000005) at pc=0x00007ffb89b33547]

VM state: not at safepoint (not fully initialized)

VM Mutex/Monitor currently owned by a thread:  ([mutex/lock_event])
[0x00000281a1333d60] Heap_lock - owner thread: 0x00000281a1339310

Heap address: 0x0000000703400000, size: 4044 MB, Compressed Oops mode: Zero based, Oop shift amount: 3

CDS archive(s) mapped at: [0x0000000000000000-0x0000000000000000-0x0000000000000000), size 0, SharedBaseAddress: 0x0000000800000000, ArchiveRelocationMode: 1.
Narrow klass base: 0x0000000000000000, Narrow klass shift: 0, Narrow klass range: 0x0

GC Precious Log:
<Empty>

Heap:
 garbage-first heap   total 0K, used 0K [0x0000000703400000, 0x0000000800000000)
  region size 2048K, 0 young (0K), 0 survivors (0K)
 Metaspace       used 0K, committed 0K, reserved 0K
  class space    used 0K, committed 0K, reserved 0K

Heap Regions: E=young(eden), S=young(survivor), O=old, HS=humongous(starts), HC=humongous(continues), CS=collection set, F=free, OA=open archive, CA=closed archive, TAMS=top-at-mark-start (previous, next)

Card table byte_map: [0x00000281b4550000,0x00000281b4d40000] _byte_map_base: 0x00000281b0d36000

Marking Bits (Prev, Next): (CMBitMap*) 0x00000281a13a8860, (CMBitMap*) 0x00000281a13a88a0
 Prev Bits: [0x00000281b5530000, 0x00000281b9460000)
 Next Bits: [0x00000281b9460000, 0x00000281bd390000)

GC Heap History (0 events):
No events

Dll operation events (1 events):
Event: 0.005 Loaded shared library C:\Program Files\Android\Android Studio\jbr\bin\java.dll

Deoptimization events (0 events):
No events

Classes unloaded (0 events):
No events

Classes redefined (0 events):
No events

Internal exceptions (0 events):
No events

VM Operations (0 events):
No events

Events (0 events):
No events


Dynamic libraries:
0x00007ff69dda0000 - 0x00007ff69ddaa000 	C:\Program Files\Android\Android Studio\jbr\bin\java.exe
0x00007ffbf4430000 - 0x00007ffbf4647000 	C:\WINDOWS\SYSTEM32\ntdll.dll
0x00007ffbf2b20000 - 0x00007ffbf2be4000 	C:\WINDOWS\System32\KERNEL32.DLL
0x00007ffbf1a50000 - 0x00007ffbf1dfd000 	C:\WINDOWS\System32\KERNELBASE.dll
0x00007ffbf1820000 - 0x00007ffbf1931000 	C:\WINDOWS\System32\ucrtbase.dll
0x00007ffbd89c0000 - 0x00007ffbd89d7000 	C:\Program Files\Android\Android Studio\jbr\bin\jli.dll
0x00007ffba59e0000 - 0x00007ffba59fb000 	C:\Program Files\Android\Android Studio\jbr\bin\VCRUNTIME140.dll
0x00007ffbf3160000 - 0x00007ffbf330e000 	C:\WINDOWS\System32\USER32.dll
0x00007ffbd71a0000 - 0x00007ffbd7433000 	C:\WINDOWS\WinSxS\amd64_microsoft.windows.common-controls_6595b64144ccf1df_6.0.22621.3672_none_2713b9d173822955\COMCTL32.dll
0x00007ffbf1fa0000 - 0x00007ffbf1fc6000 	C:\WINDOWS\System32\win32u.dll
0x00007ffbf2270000 - 0x00007ffbf2317000 	C:\WINDOWS\System32\msvcrt.dll
0x00007ffbf2d40000 - 0x00007ffbf2d69000 	C:\WINDOWS\System32\GDI32.dll
0x00007ffbf2050000 - 0x00007ffbf2169000 	C:\WINDOWS\System32\gdi32full.dll
0x00007ffbf1940000 - 0x00007ffbf19da000 	C:\WINDOWS\System32\msvcp_win.dll
0x00007ffbf2ca0000 - 0x00007ffbf2cd1000 	C:\WINDOWS\System32\IMM32.DLL
0x00007ffbc7640000 - 0x00007ffbc764c000 	C:\Program Files\Android\Android Studio\jbr\bin\vcruntime140_1.dll
0x00007ffb7bbd0000 - 0x00007ffb7bc5d000 	C:\Program Files\Android\Android Studio\jbr\bin\msvcp140.dll
0x00007ffb89840000 - 0x00007ffb8a4c3000 	C:\Program Files\Android\Android Studio\jbr\bin\server\jvm.dll
0x00007ffbf3310000 - 0x00007ffbf33c2000 	C:\WINDOWS\System32\ADVAPI32.dll
0x00007ffbf2bf0000 - 0x00007ffbf2c99000 	C:\WINDOWS\System32\sechost.dll
0x00007ffbf1e00000 - 0x00007ffbf1e28000 	C:\WINDOWS\System32\bcrypt.dll
0x00007ffbf3040000 - 0x00007ffbf3154000 	C:\WINDOWS\System32\RPCRT4.dll
0x00007ffbf05b0000 - 0x00007ffbf05fd000 	C:\WINDOWS\SYSTEM32\POWRPROF.dll
0x00007ffbe8900000 - 0x00007ffbe8909000 	C:\WINDOWS\SYSTEM32\WSOCK32.dll
0x00007ffbda2e0000 - 0x00007ffbda314000 	C:\WINDOWS\SYSTEM32\WINMM.dll
0x00007ffbf2aa0000 - 0x00007ffbf2b11000 	C:\WINDOWS\System32\WS2_32.dll
0x00007ffbe8120000 - 0x00007ffbe812a000 	C:\WINDOWS\SYSTEM32\VERSION.dll
0x00007ffbf0590000 - 0x00007ffbf05a3000 	C:\WINDOWS\SYSTEM32\UMPDC.dll
0x00007ffbf0850000 - 0x00007ffbf0868000 	C:\WINDOWS\SYSTEM32\kernel.appcore.dll
0x00007ffbdb300000 - 0x00007ffbdb30a000 	C:\Program Files\Android\Android Studio\jbr\bin\jimage.dll
0x00007ffbeeb10000 - 0x00007ffbeed42000 	C:\WINDOWS\SYSTEM32\DBGHELP.DLL
0x00007ffbf2320000 - 0x00007ffbf26a8000 	C:\WINDOWS\System32\combase.dll
0x00007ffbf2830000 - 0x00007ffbf2907000 	C:\WINDOWS\System32\OLEAUT32.dll
0x00007ffbe4b00000 - 0x00007ffbe4b32000 	C:\WINDOWS\SYSTEM32\dbgcore.DLL
0x00007ffbf1fd0000 - 0x00007ffbf204b000 	C:\WINDOWS\System32\bcryptPrimitives.dll
0x00007ffbdb2d0000 - 0x00007ffbdb2f5000 	C:\Program Files\Android\Android Studio\jbr\bin\java.dll

dbghelp: loaded successfully - version: 4.0.5 - missing functions: none
symbol engine: initialized successfully - sym options: 0x614 - pdb path: .;C:\Program Files\Android\Android Studio\jbr\bin;C:\WINDOWS\SYSTEM32;C:\WINDOWS\WinSxS\amd64_microsoft.windows.common-controls_6595b64144ccf1df_6.0.22621.3672_none_2713b9d173822955;C:\Program Files\Android\Android Studio\jbr\bin\server

VM Arguments:
java_command: org.jetbrains.kotlin.cli.jvm.K2JVMCompiler @C:\Peronal_Category\Implement\Native-Android\app\build\20240701_9835937576049061208.compiler.options
java_class_path (initial): C:\Users\chanm\.gradle\caches\modules-2\files-2.1\org.jetbrains.kotlin\kotlin-compiler-embeddable\1.9.0\2c8c3a7402becca891f12739b3e9fd2dc2adbd7a\kotlin-compiler-embeddable-1.9.0.jar;C:\Users\chanm\.gradle\caches\modules-2\files-2.1\org.jetbrains.kotlin\kotlin-stdlib\1.9.0\8ee15ef0c67dc83d874f412d84378d7f0eb50b63\kotlin-stdlib-1.9.0.jar;C:\Users\chanm\.gradle\caches\modules-2\files-2.1\org.jetbrains.kotlin\kotlin-script-runtime\1.9.0\4b3102cbbb7e1b58d9d1adf89563f00069ffa7d1\kotlin-script-runtime-1.9.0.jar;C:\Users\chanm\.gradle\caches\modules-2\files-2.1\org.jetbrains.kotlin\kotlin-reflect\1.6.10\1cbe9c92c12a94eea200d23c2bbaedaf3daf5132\kotlin-reflect-1.6.10.jar;C:\Users\chanm\.gradle\caches\modules-2\files-2.1\org.jetbrains.kotlin\kotlin-daemon-embeddable\1.9.0\186543f5e28cf8d9a0290fecc2cf34301c40a65c\kotlin-daemon-embeddable-1.9.0.jar;C:\Users\chanm\.gradle\caches\modules-2\files-2.1\org.jetbrains.intellij.deps\trove4j\1.0.20200330\3afb14d5f9ceb459d724e907a21145e8ff394f02\trove4j-1.0.20200330.jar;C:\Users\chanm\.gradle\caches\modules-2\files-2.1\org.jetbrains.kotlin\kotlin-stdlib-common\1.9.0\cd65c21cfd1eec4d44ef09f9f52b6d9f8a720636\kotlin-stdlib-common-1.9.0.jar;C:\Users\chanm\.gradle\caches\modules-2\files-2.1\org.jetbrains\annotations\13.0\919f0dfe192fb4e063e7dacadee7f8bb9a2672a9\annotations-13.0.jar
Launcher Type: SUN_STANDARD

[Global flags]
     intx CICompilerCount                          = 4                                         {product} {ergonomic}
     uint ConcGCThreads                            = 3                                         {product} {ergonomic}
     uint G1ConcRefinementThreads                  = 10                                        {product} {ergonomic}
   size_t G1HeapRegionSize                         = 2097152                                   {product} {ergonomic}
    uintx GCDrainStackTargetSize                   = 64                                        {product} {ergonomic}
   size_t InitialHeapSize                          = 266338304                                 {product} {ergonomic}
   size_t MarkStackSize                            = 4194304                                   {product} {ergonomic}
   size_t MaxHeapSize                              = 4240441344                                {product} {ergonomic}
   size_t MinHeapDeltaBytes                        = 2097152                                   {product} {ergonomic}
   size_t MinHeapSize                              = 8388608                                   {product} {ergonomic}
    uintx NonNMethodCodeHeapSize                   = 5839372                                {pd product} {ergonomic}
    uintx NonProfiledCodeHeapSize                  = 122909434                              {pd product} {ergonomic}
    uintx ProfiledCodeHeapSize                     = 122909434                              {pd product} {ergonomic}
    uintx ReservedCodeCacheSize                    = 251658240                              {pd product} {ergonomic}
     bool SegmentedCodeCache                       = true                                      {product} {ergonomic}
   size_t SoftMaxHeapSize                          = 4240441344                             {manageable} {ergonomic}
     bool UseCompressedClassPointers               = true                           {product lp64_product} {ergonomic}
     bool UseCompressedOops                        = true                           {product lp64_product} {ergonomic}
     bool UseG1GC                                  = true                                      {product} {ergonomic}
     bool UseLargePagesIndividualAllocation        = false                                  {pd product} {ergonomic}

Logging:
Log output configuration:
 #0: stdout all=warning uptime,level,tags
 #1: stderr all=off uptime,level,tags

Environment Variables:
PATH=C:\Windows\system32;C:\Windows;C:\Windows\System32\Wbem;C:\Windows\System32\WindowsPowerShell\v1.0\;C:\Windows\System32\OpenSSH\;C:\Program Files (x86)\NVIDIA Corporation\PhysX\Common;C:\Program Files\NVIDIA Corporation\NVIDIA NvDLISR;C:\WINDOWS\system32;C:\WINDOWS;C:\WINDOWS\System32\Wbem;C:\WINDOWS\System32\WindowsPowerShell\v1.0\;C:\WINDOWS\System32\OpenSSH\;C:\Program Files\Microsoft SQL Server\150\Tools\Binn\;C:\Program Files\Microsoft SQL Server\Client SDK\ODBC\170\Tools\Binn\;C:\Program Files\dotnet\;C:\Program Files\nodejs\;C:\Program Files (x86)\Microsoft SQL Server\160\DTS\Binn\;C:\Program Files\Azure Data Studio\bin;C:\Program Files (x86)\Microsoft SQL Server\160\Tools\Binn\;C:\Program Files\Microsoft SQL Server\160\Tools\Binn\;C:\Program Files\Microsoft SQL Server\160\DTS\Binn\;C:\Program Files\Git\cmd;C:\Users\chanm\.console-ninja\.bin;C:\Users\chanm\AppData\Local\Microsoft\WindowsApps;;C:\Users\chanm\AppData\Local\Programs\Microsoft VS Code\bin;C:\Users\chanm\.dotnet\tools;C:\Users\chanm\AppData\Roaming\npm;C:\Program Files\Azure Data Studio\bin
USERNAME=chanm
OS=Windows_NT
PROCESSOR_IDENTIFIER=Intel64 Family 6 Model 165 Stepping 2, GenuineIntel
TMP=C:\Users\chanm\AppData\Local\Temp
TEMP=C:\Users\chanm\AppData\Local\Temp



Periodic native trim disabled

JNI global refs:
JNI global refs: 0, weak refs: 0

JNI global refs memory usage: 0, weak refs: 0

OOME stack traces (most recent first):
Classloader memory used:


---------------  S Y S T E M  ---------------

OS:
 Windows 11 , 64 bit Build 22621 (10.0.22621.3672)
OS uptime: 2 days 17:36 hours
Hyper-V role detected

CPU: total 12 (initial active 12) (6 cores per cpu, 2 threads per core) family 6 model 165 stepping 2 microcode 0xe0, cx8, cmov, fxsr, ht, mmx, 3dnowpref, sse, sse2, sse3, ssse3, sse4.1, sse4.2, popcnt, lzcnt, tsc, tscinvbit, avx, avx2, aes, erms, clmul, bmi1, bmi2, adx, fma, vzeroupper, clflush, clflushopt, hv
Processor Information for all 12 processors :
  Max Mhz: 2592, Current Mhz: 2592, Mhz Limit: 2592

Memory: 4k page, system-wide physical 16171M (3247M free)
TotalPageFile size 16171M (AvailPageFile size 150M)
current process WorkingSet (physical memory assigned to process): 11M, peak: 11M
current process commit charge ("private bytes"): 64M, peak: 318M

vm_info: OpenJDK 64-Bit Server VM (17.0.10+0--11609105) for windows-amd64 JRE (17.0.10+0--11609105), built on Mar 21 2024 19:10:56 by "androidbuild" with MS VC++ 16.10 / 16.11 (VS2019)

END.
